#
# There is insufficient memory for the Java Runtime Environment to continue.
# Native memory allocation (mmap) failed to map 100663296 bytes for Failed to commit area from 0x00000000a1e00000 to 0x00000000a7e00000 of length 100663296.
# Possible reasons:
#   The system is out of physical RAM or swap space
#   The process is running with CompressedOops enabled, and the Java Heap may be blocking the growth of the native heap
# Possible solutions:
#   Reduce memory load on the system
#   Increase physical memory or swap space
#   Check if swap backing store is full
#   Decrease Java heap size (-Xmx/-Xms)
#   Decrease number of Java threads
#   Decrease Java thread stack sizes (-Xss)
#   Set larger code cache with -XX:ReservedCodeCacheSize=
# This output file may be truncated or incomplete.
#
#  Out of Memory Error (./src/hotspot/os/windows/os_windows.cpp:3386), pid=16832, tid=16476
#
# JRE version:  (11.0.18+10) (build )
# Java VM: OpenJDK 64-Bit Server VM (11.0.18+10-LTS, mixed mode, sharing, tiered, compressed oops, g1 gc, windows-amd64)
# No core dump will be written. Minidumps are not enabled by default on client versions of Windows
#

---------------  S U M M A R Y ------------

Command Line: -javaagent:C:\Program Files\JetBrains\IntelliJ IDEA Community Edition 2022.3.1\lib\idea_rt.jar=51666:C:\Program Files\JetBrains\IntelliJ IDEA Community Edition 2022.3.1\bin -Dfile.encoding=UTF-8 --module-path=C:\Users\20567\.m2\repository\org\openjfx\javafx-graphics\17.0.2\javafx-graphics-17.0.2-win.jar;C:\Users\20567\.m2\repository\org\openjfx\javafx-base\17.0.2\javafx-base-17.0.2-win.jar;C:\Users\20567\.m2\repository\org\openjfx\javafx-controls\17.0.2\javafx-controls-17.0.2-win.jar;C:\Users\20567\GitProjects\smp3\target\classes;C:\Users\20567\.m2\repository\org\openjfx\javafx-fxml\17.0.2\javafx-fxml-17.0.2-win.jar -Djdk.module.main=com.example.tuitionmanagermain com.example.tuitionmanagermain/project3.TuitionManagerMain

Host: AMD Ryzen 5 3550H with Radeon Vega Mobile Gfx  , 8 cores, 5G,  Windows 10 , 64 bit Build 19041 (10.0.19041.2546)
Time: Wed Mar 15 14:14:46 2023 Eastern Daylight Time elapsed time: 0.028378 seconds (0d 0h 0m 0s)

---------------  T H R E A D  ---------------

Current thread (0x000001fa3a34b800):  JavaThread "Unknown thread" [_thread_in_vm, id=16476, stack(0x000000a249a00000,0x000000a249b00000)]

Stack: [0x000000a249a00000,0x000000a249b00000]
Native frames: (J=compiled Java code, j=interpreted, Vv=VM code, C=native code)
V  [jvm.dll+0x622d9a]
V  [jvm.dll+0x7b0289]
V  [jvm.dll+0x7b1978]
V  [jvm.dll+0x7b2053]
V  [jvm.dll+0x24fe08]
V  [jvm.dll+0x6200aa]
V  [jvm.dll+0x614665]
V  [jvm.dll+0x30a3ec]
V  [jvm.dll+0x30a272]
V  [jvm.dll+0x30ef86]
V  [jvm.dll+0x35552f]
V  [jvm.dll+0x354f60]
V  [jvm.dll+0x2e7408]
V  [jvm.dll+0x2e8566]
V  [jvm.dll+0x78a0d7]
V  [jvm.dll+0x78b85f]
V  [jvm.dll+0x362279]
V  [jvm.dll+0x76d040]
V  [jvm.dll+0x3d0bbf]
V  [jvm.dll+0x3d2f51]
C  [jli.dll+0x5207]
C  [ucrtbase.dll+0x21bb2]
C  [KERNEL32.DLL+0x17614]
C  [ntdll.dll+0x526a1]


---------------  P R O C E S S  ---------------

Threads class SMR info:
_java_thread_list=0x000001fa3a216090, length=0, elements={
}

Java Threads: ( => current thread )

Other Threads:
  0x000001fa3a362800 GCTaskThread "GC Thread#0" [stack: 0x000000a249b00000,0x000000a249c00000] [id=9776]
  0x000001fa3a38c000 ConcurrentGCThread "G1 Main Marker" [stack: 0x000000a249c00000,0x000000a249d00000] [id=6980]
  0x000001fa3a38e800 ConcurrentGCThread "G1 Conc#0" [stack: 0x000000a249d00000,0x000000a249e00000] [id=25152]

[error occurred during error reporting (printing all threads), id 0xc0000005, EXCEPTION_ACCESS_VIOLATION (0xc0000005) at pc=0x00007ffbc3406bd7]

VM state:not at safepoint (not fully initialized)

VM Mutex/Monitor currently owned by a thread:  ([mutex/lock_event])
[0x000001fa3a348ee0] Heap_lock - owner thread: 0x000001fa3a34b800

Heap address: 0x00000000a1e00000, size: 1506 MB, Compressed Oops mode: Non-zero based: 0x00000000a1e00000
Narrow klass base: 0x0000000000000000, Narrow klass shift: 0

GC Heap History (0 events):
No events

Deoptimization events (0 events):
No events

Classes redefined (0 events):
No events

Internal exceptions (0 events):
No events

Events (1 events):
Event: 0.018 Loaded shared library C:\Users\20567\.jdks\corretto-11.0.18\bin\zip.dll


Dynamic libraries:
0x00007ff7583c0000 - 0x00007ff7583cd000 	C:\Users\20567\.jdks\corretto-11.0.18\bin\java.exe
0x00007ffc5ef10000 - 0x00007ffc5f108000 	C:\WINDOWS\SYSTEM32\ntdll.dll
0x00007ffc5d6e0000 - 0x00007ffc5d79f000 	C:\WINDOWS\System32\KERNEL32.DLL
0x00007ffc5cbf0000 - 0x00007ffc5cec2000 	C:\WINDOWS\System32\KERNELBASE.dll
0x00007ffc5c670000 - 0x00007ffc5c770000 	C:\WINDOWS\System32\ucrtbase.dll
0x00007ffc416a0000 - 0x00007ffc416b7000 	C:\Users\20567\.jdks\corretto-11.0.18\bin\jli.dll
0x00007ffc34f40000 - 0x00007ffc34f59000 	C:\Users\20567\.jdks\corretto-11.0.18\bin\VCRUNTIME140.dll
0x00007ffc5d530000 - 0x00007ffc5d6d1000 	C:\WINDOWS\System32\USER32.dll
0x00007ffc5ba00000 - 0x00007ffc5bc9a000 	C:\WINDOWS\WinSxS\amd64_microsoft.windows.common-controls_6595b64144ccf1df_6.0.19041.1110_none_60b5254171f9507e\COMCTL32.dll
0x00007ffc5d840000 - 0x00007ffc5d8de000 	C:\WINDOWS\System32\msvcrt.dll
0x00007ffc5de50000 - 0x00007ffc5de7b000 	C:\WINDOWS\System32\GDI32.dll
0x00007ffc5cf20000 - 0x00007ffc5cf42000 	C:\WINDOWS\System32\win32u.dll
0x00007ffc5ca30000 - 0x00007ffc5cb3f000 	C:\WINDOWS\System32\gdi32full.dll
0x00007ffc5c990000 - 0x00007ffc5ca2d000 	C:\WINDOWS\System32\msvcp_win.dll
0x00007ffc5de80000 - 0x00007ffc5deb2000 	C:\WINDOWS\System32\IMM32.DLL
0x00007ffc168f0000 - 0x00007ffc1698b000 	C:\Users\20567\.jdks\corretto-11.0.18\bin\msvcp140.dll
0x00007ffbc3110000 - 0x00007ffbc3c9a000 	C:\Users\20567\.jdks\corretto-11.0.18\bin\server\jvm.dll
0x00007ffc5d3d0000 - 0x00007ffc5d47e000 	C:\WINDOWS\System32\ADVAPI32.dll
0x00007ffc5d8e0000 - 0x00007ffc5d97c000 	C:\WINDOWS\System32\sechost.dll
0x00007ffc5cf50000 - 0x00007ffc5d075000 	C:\WINDOWS\System32\RPCRT4.dll
0x00007ffc5d7a0000 - 0x00007ffc5d7a8000 	C:\WINDOWS\System32\PSAPI.DLL
0x00007ffc4fec0000 - 0x00007ffc4fee7000 	C:\WINDOWS\SYSTEM32\WINMM.dll
0x00007ffc42be0000 - 0x00007ffc42be9000 	C:\WINDOWS\SYSTEM32\WSOCK32.dll
0x00007ffc53b10000 - 0x00007ffc53b1a000 	C:\WINDOWS\SYSTEM32\VERSION.dll
0x00007ffc5e3d0000 - 0x00007ffc5e43b000 	C:\WINDOWS\System32\WS2_32.dll
0x00007ffc5a030000 - 0x00007ffc5a042000 	C:\WINDOWS\SYSTEM32\kernel.appcore.dll
0x00007ffc2c9e0000 - 0x00007ffc2c9f0000 	C:\Users\20567\.jdks\corretto-11.0.18\bin\verify.dll
0x00007ffc5c030000 - 0x00007ffc5c214000 	C:\WINDOWS\SYSTEM32\DBGHELP.DLL
0x00007ffc5bdd0000 - 0x00007ffc5be05000 	C:\WINDOWS\SYSTEM32\dbgcore.DLL
0x00007ffc5c7a0000 - 0x00007ffc5c822000 	C:\WINDOWS\System32\bcryptPrimitives.dll
0x00007ffc19500000 - 0x00007ffc19528000 	C:\Users\20567\.jdks\corretto-11.0.18\bin\java.dll
0x00007ffc2c9d0000 - 0x00007ffc2c9da000 	C:\Users\20567\.jdks\corretto-11.0.18\bin\jimage.dll
0x00007ffc2c9c0000 - 0x00007ffc2c9ce000 	C:\Users\20567\.jdks\corretto-11.0.18\bin\instrument.dll
0x00007ffc2a2f0000 - 0x00007ffc2a308000 	C:\Users\20567\.jdks\corretto-11.0.18\bin\zip.dll

dbghelp: loaded successfully - version: 4.0.5 - missing functions: none
symbol engine: initialized successfully - sym options: 0x614 - pdb path: .;C:\Users\20567\.jdks\corretto-11.0.18\bin;C:\WINDOWS\SYSTEM32;C:\WINDOWS\WinSxS\amd64_microsoft.windows.common-controls_6595b64144ccf1df_6.0.19041.1110_none_60b5254171f9507e;C:\Users\20567\.jdks\corretto-11.0.18\bin\server

VM Arguments:
jvm_args: -javaagent:C:\Program Files\JetBrains\IntelliJ IDEA Community Edition 2022.3.1\lib\idea_rt.jar=51666:C:\Program Files\JetBrains\IntelliJ IDEA Community Edition 2022.3.1\bin -Dfile.encoding=UTF-8 --module-path=C:\Users\20567\.m2\repository\org\openjfx\javafx-graphics\17.0.2\javafx-graphics-17.0.2-win.jar;C:\Users\20567\.m2\repository\org\openjfx\javafx-base\17.0.2\javafx-base-17.0.2-win.jar;C:\Users\20567\.m2\repository\org\openjfx\javafx-controls\17.0.2\javafx-controls-17.0.2-win.jar;C:\Users\20567\GitProjects\smp3\target\classes;C:\Users\20567\.m2\repository\org\openjfx\javafx-fxml\17.0.2\javafx-fxml-17.0.2-win.jar -Djdk.module.main=com.example.tuitionmanagermain 
java_command: com.example.tuitionmanagermain/project3.TuitionManagerMain
java_class_path (initial): C:\Users\20567\.m2\repository\org\openjfx\javafx-controls\17.0.2\javafx-controls-17.0.2.jar;C:\Users\20567\.m2\repository\org\openjfx\javafx-graphics\17.0.2\javafx-graphics-17.0.2.jar;C:\Users\20567\.m2\repository\org\openjfx\javafx-base\17.0.2\javafx-base-17.0.2.jar;C:\Users\20567\.m2\repository\org\openjfx\javafx-fxml\17.0.2\javafx-fxml-17.0.2.jar
Launcher Type: SUN_STANDARD

[Global flags]
     intx CICompilerCount                          = 4                                         {product} {ergonomic}
     uint ConcGCThreads                            = 2                                         {product} {ergonomic}
     uint G1ConcRefinementThreads                  = 8                                         {product} {ergonomic}
   size_t G1HeapRegionSize                         = 1048576                                   {product} {ergonomic}
    uintx GCDrainStackTargetSize                   = 64                                        {product} {ergonomic}
   size_t InitialHeapSize                          = 100663296                                 {product} {ergonomic}
   size_t MarkStackSize                            = 4194304                                   {product} {ergonomic}
   size_t MaxHeapSize                              = 1579155456                                {product} {ergonomic}
   size_t MinHeapDeltaBytes                        = 1048576                                   {product} {ergonomic}
    uintx NonNMethodCodeHeapSize                   = 5836300                                {pd product} {ergonomic}
    uintx NonProfiledCodeHeapSize                  = 122910970                              {pd product} {ergonomic}
    uintx ProfiledCodeHeapSize                     = 122910970                              {pd product} {ergonomic}
    uintx ReservedCodeCacheSize                    = 251658240                              {pd product} {ergonomic}
     bool SegmentedCodeCache                       = true                                      {product} {ergonomic}
     bool UseCompressedClassPointers               = true                                 {lp64_product} {ergonomic}
     bool UseCompressedOops                        = true                                 {lp64_product} {ergonomic}
     bool UseG1GC                                  = true                                      {product} {ergonomic}
     bool UseLargePagesIndividualAllocation        = false                                  {pd product} {ergonomic}

Logging:
Log output configuration:
 #0: stdout all=warning uptime,level,tags
 #1: stderr all=off uptime,level,tags

Environment Variables:
PATH=C:\Program Files\Common Files\Oracle\Java\javapath;C:\Program Files (x86)\Common Files\Oracle\Java\javapath;C:\windows\system32;C:\windows;C:\windows\System32\Wbem;C:\windows\System32\WindowsPowerShell\v1.0\;C:\windows\System32\OpenSSH\;C:\Program Files\NVIDIA Corporation\NVIDIA NvDLISR;C:\WINDOWS\system32;C:\WINDOWS;C:\WINDOWS\System32\Wbem;C:\WINDOWS\System32\WindowsPowerShell\v1.0\;C:\WINDOWS\System32\OpenSSH\;C:\Program Files\Git\cmd;C:\Program Files\Java\jdk1.8.0_271\bin;C:\MinGW\bin;C:\Users\20567\AppData\Local\Programs\Python\Python39;C:\Users\20567\AppData\Local\Microsoft\WindowsApps;C:\Users\20567\AppData\Local\Programs\Microsoft VS Code\bin;C:\Users\20567\AppData\Local\Microsoft\WindowsApps;C:\Users\20567\AppData\Local\GitHubDesktop\bin;C:\Users\20567\AppData\Local\Programs\Python\Python39\Scripts;;C:\Program Files\JetBrains\IntelliJ IDEA Community Edition 2022.3.1\bin;
USERNAME=20567
OS=Windows_NT
PROCESSOR_IDENTIFIER=AMD64 Family 23 Model 24 Stepping 1, AuthenticAMD
TMP=C:\Users\20567\AppData\Local\Temp
TEMP=C:\Users\20567\AppData\Local\Temp



---------------  S Y S T E M  ---------------

OS: Windows 10 , 64 bit Build 19041 (10.0.19041.2546)
OS uptime: 14 days 1:39 hours

CPU:total 8 (initial active 8) (8 cores per cpu, 2 threads per core) family 23 model 24 stepping 1 microcode 0x0, cmov, cx8, fxsr, mmx, sse, sse2, sse3, ssse3, sse4.1, sse4.2, popcnt, avx, avx2, aes, clmul, mmxext, 3dnowpref, lzcnt, sse4a, ht, tsc, tscinvbit, tscinv, bmi1, bmi2, adx, sha, fma

Memory: 4k page, system-wide physical 6021M (506M free)
TotalPageFile size 24453M (AvailPageFile size 61M)
current process WorkingSet (physical memory assigned to process): 10M, peak: 10M
current process commit charge ("private bytes"): 60M, peak: 155M

vm_info: OpenJDK 64-Bit Server VM (11.0.18+10-LTS) for windows-amd64 JRE (11.0.18+10-LTS), built on Jan 10 2023 20:17:52 by "Administrator" with MS VC++ 15.9 (VS2017)

END.
