#
# There is insufficient memory for the Java Runtime Environment to continue.
# Native memory allocation (malloc) failed to allocate 417936 bytes for Chunk::new
# Possible reasons:
#   The system is out of physical RAM or swap space
#   The process is running with CompressedOops enabled, and the Java Heap may be blocking the growth of the native heap
# Possible solutions:
#   Reduce memory load on the system
#   Increase physical memory or swap space
#   Check if swap backing store is full
#   Decrease Java heap size (-Xmx/-Xms)
#   Decrease number of Java threads
#   Decrease Java thread stack sizes (-Xss)
#   Set larger code cache with -XX:ReservedCodeCacheSize=
#   JVM is running with Unscaled Compressed Oops mode in which the Java heap is
#     placed in the first 4GB address space. The Java Heap base address is the
#     maximum limit for the native heap growth. Please use -XX:HeapBaseMinAddress
#     to set the Java Heap base and to place the Java Heap above 4GB virtual address.
# This output file may be truncated or incomplete.
#
#  Out of Memory Error (./src/hotspot/share/memory/arena.cpp:197), pid=26748, tid=27368
#
# JRE version: OpenJDK Runtime Environment Corretto-11.0.18.10.1 (11.0.18+10) (build 11.0.18+10-LTS)
# Java VM: OpenJDK 64-Bit Server VM Corretto-11.0.18.10.1 (11.0.18+10-LTS, mixed mode, tiered, compressed oops, g1 gc, windows-amd64)
# No core dump will be written. Minidumps are not enabled by default on client versions of Windows
#

---------------  S U M M A R Y ------------

Command Line: -javaagent:C:\Program Files\JetBrains\IntelliJ IDEA Community Edition 2022.3.1\lib\idea_rt.jar=51606:C:\Program Files\JetBrains\IntelliJ IDEA Community Edition 2022.3.1\bin -Dfile.encoding=UTF-8 --module-path=C:\Users\20567\.m2\repository\org\openjfx\javafx-graphics\17.0.2\javafx-graphics-17.0.2-win.jar;C:\Users\20567\.m2\repository\org\openjfx\javafx-base\17.0.2\javafx-base-17.0.2-win.jar;C:\Users\20567\.m2\repository\org\openjfx\javafx-controls\17.0.2\javafx-controls-17.0.2-win.jar;C:\Users\20567\GitProjects\smp3\target\classes;C:\Users\20567\.m2\repository\org\openjfx\javafx-fxml\17.0.2\javafx-fxml-17.0.2-win.jar -Djdk.module.main=com.example.tuitionmanagermain com.example.tuitionmanagermain/project3.TuitionManagerMain

Host: AMD Ryzen 5 3550H with Radeon Vega Mobile Gfx  , 8 cores, 5G,  Windows 10 , 64 bit Build 19041 (10.0.19041.2546)
Time: Wed Mar 15 14:14:20 2023 Eastern Daylight Time elapsed time: 15.508371 seconds (0d 0h 0m 15s)

---------------  T H R E A D  ---------------

Current thread (0x00000247fe131000):  JavaThread "C2 CompilerThread0" daemon [_thread_in_native, id=27368, stack(0x0000005672200000,0x0000005672300000)]


Current CompileTask:
C2:  15508 4873       4       javafx.scene.Node::updateBounds (174 bytes)

Stack: [0x0000005672200000,0x0000005672300000]
Native frames: (J=compiled Java code, j=interpreted, Vv=VM code, C=native code)
V  [jvm.dll+0x622d9a]
V  [jvm.dll+0x7b0289]
V  [jvm.dll+0x7b1978]
V  [jvm.dll+0x7b2053]
V  [jvm.dll+0x24fe08]
V  [jvm.dll+0xc264c]
V  [jvm.dll+0xc2c0c]
V  [jvm.dll+0x35c7a2]
V  [jvm.dll+0x328783]
V  [jvm.dll+0x327aba]
V  [jvm.dll+0x2092c3]
V  [jvm.dll+0x20841d]
V  [jvm.dll+0x18a3c1]
V  [jvm.dll+0x217ac4]
V  [jvm.dll+0x215d0b]
V  [jvm.dll+0x772d90]
V  [jvm.dll+0x76bcc4]
V  [jvm.dll+0x621c05]
C  [ucrtbase.dll+0x21bb2]
C  [KERNEL32.DLL+0x17614]
C  [ntdll.dll+0x526a1]


---------------  P R O C E S S  ---------------

Threads class SMR info:
_java_thread_list=0x000002478f2d0c20, length=18, elements={
0x00000247ed43f800, 0x00000247fe106800, 0x00000247fe10f800, 0x00000247feaa2800,
0x00000247fe11e800, 0x00000247fe120800, 0x00000247fe131000, 0x00000247fe132800,
0x00000247fe148800, 0x00000247ed514000, 0x00000247fecf6800, 0x00000247ff15c800,
0x000002478f12e000, 0x000002478f141800, 0x000002478f11f800, 0x000002478f20c800,
0x000002478fc77800, 0x000002478f754000
}

Java Threads: ( => current thread )
  0x00000247ed43f800 JavaThread "main" [_thread_blocked, id=25292, stack(0x0000005671600000,0x0000005671700000)]
  0x00000247fe106800 JavaThread "Reference Handler" daemon [_thread_blocked, id=19932, stack(0x0000005671d00000,0x0000005671e00000)]
  0x00000247fe10f800 JavaThread "Finalizer" daemon [_thread_blocked, id=4764, stack(0x0000005671e00000,0x0000005671f00000)]
  0x00000247feaa2800 JavaThread "Signal Dispatcher" daemon [_thread_blocked, id=13992, stack(0x0000005671f00000,0x0000005672000000)]
  0x00000247fe11e800 JavaThread "Attach Listener" daemon [_thread_blocked, id=1340, stack(0x0000005672000000,0x0000005672100000)]
  0x00000247fe120800 JavaThread "Service Thread" daemon [_thread_blocked, id=16616, stack(0x0000005672100000,0x0000005672200000)]
=>0x00000247fe131000 JavaThread "C2 CompilerThread0" daemon [_thread_in_native, id=27368, stack(0x0000005672200000,0x0000005672300000)]
  0x00000247fe132800 JavaThread "C1 CompilerThread0" daemon [_thread_blocked, id=15796, stack(0x0000005672300000,0x0000005672400000)]
  0x00000247fe148800 JavaThread "Sweeper thread" daemon [_thread_blocked, id=20752, stack(0x0000005672400000,0x0000005672500000)]
  0x00000247ed514000 JavaThread "Common-Cleaner" daemon [_thread_blocked, id=17460, stack(0x0000005672500000,0x0000005672600000)]
  0x00000247fecf6800 JavaThread "Monitor Ctrl-Break" daemon [_thread_in_native, id=1824, stack(0x0000005672600000,0x0000005672700000)]
  0x00000247ff15c800 JavaThread "QuantumRenderer-0" daemon [_thread_blocked, id=19348, stack(0x0000005672800000,0x0000005672900000)]
  0x000002478f12e000 JavaThread "InvokeLaterDispatcher" daemon [_thread_blocked, id=20964, stack(0x0000005672c00000,0x0000005672d00000)]
  0x000002478f141800 JavaThread "JavaFX Application Thread" [_thread_in_native, id=18904, stack(0x0000005672d00000,0x0000005672e00000)]
  0x000002478f11f800 JavaThread "Thread-1" daemon [_thread_in_native, id=14968, stack(0x0000005672b00000,0x0000005672c00000)]
  0x000002478f20c800 JavaThread "JavaFX-Launcher" [_thread_blocked, id=23052, stack(0x0000005673400000,0x0000005673500000)]
  0x000002478fc77800 JavaThread "Prism Font Disposer" daemon [_thread_blocked, id=3044, stack(0x0000005673c00000,0x0000005673d00000)]
  0x000002478f754000 JavaThread "Cleaner-0" daemon [_thread_blocked, id=22028, stack(0x0000005673d00000,0x0000005673e00000)]

Other Threads:
  0x00000247fe0e2000 VMThread "VM Thread" [stack: 0x0000005671c00000,0x0000005671d00000] [id=7820]
  0x00000247ff168800 WatcherThread [stack: 0x0000005672700000,0x0000005672800000] [id=26860]
  0x00000247ed457000 GCTaskThread "GC Thread#0" [stack: 0x0000005671700000,0x0000005671800000] [id=28196]
  0x000002478f32b800 GCTaskThread "GC Thread#1" [stack: 0x0000005673500000,0x0000005673600000] [id=23560]
  0x000002478f317000 GCTaskThread "GC Thread#2" [stack: 0x0000005673600000,0x0000005673700000] [id=23220]
  0x000002478f318000 GCTaskThread "GC Thread#3" [stack: 0x0000005673700000,0x0000005673800000] [id=5028]
  0x000002478f322800 GCTaskThread "GC Thread#4" [stack: 0x0000005673800000,0x0000005673900000] [id=9516]
  0x000002478f323800 GCTaskThread "GC Thread#5" [stack: 0x0000005673900000,0x0000005673a00000] [id=24308]
  0x00000247ed47c000 ConcurrentGCThread "G1 Main Marker" [stack: 0x0000005671800000,0x0000005671900000] [id=14228]
  0x00000247ed47e800 ConcurrentGCThread "G1 Conc#0" [stack: 0x0000005671900000,0x0000005671a00000] [id=25820]
  0x000002478f352800 ConcurrentGCThread "G1 Conc#1" [stack: 0x0000005673b00000,0x0000005673c00000] [id=16180]
  0x00000247ed507000 ConcurrentGCThread "G1 Refine#0" [stack: 0x0000005671a00000,0x0000005671b00000] [id=12132]
  0x000002478fc56000 ConcurrentGCThread "G1 Refine#1" [stack: 0x0000005674000000,0x0000005674100000] [id=28932]
  0x00000247ed508000 ConcurrentGCThread "G1 Young RemSet Sampling" [stack: 0x0000005671b00000,0x0000005671c00000] [id=29412]

Threads with active compile tasks:
C2 CompilerThread0    15678 4873       4       javafx.scene.Node::updateBounds (174 bytes)

VM state:not at safepoint (normal execution)

VM Mutex/Monitor currently owned by a thread: None

Heap address: 0x00000000a1e00000, size: 1506 MB, Compressed Oops mode: 32-bit
Narrow klass base: 0x0000000000000000, Narrow klass shift: 3
Compressed class space size: 1073741824 Address: 0x0000000100000000

Heap:
 garbage-first heap   total 98304K, used 21261K [0x00000000a1e00000, 0x0000000100000000)
  region size 1024K, 11 young (11264K), 6 survivors (6144K)
 Metaspace       used 29143K, capacity 30194K, committed 30384K, reserved 1075200K
  class space    used 3584K, capacity 4024K, committed 4096K, reserved 1048576K
Heap Regions: E=young(eden), S=young(survivor), O=old, HS=humongous(starts), HC=humongous(continues), CS=collection set, F=free, A=archive, TAMS=top-at-mark-start (previous, next)
|   0|0x00000000a1e00000, 0x00000000a1f00000, 0x00000000a1f00000|100%|HS|  |TAMS 0x00000000a1e00000, 0x00000000a1e00000| Complete 
|   1|0x00000000a1f00000, 0x00000000a2000000, 0x00000000a2000000|100%|HC|  |TAMS 0x00000000a1f00000, 0x00000000a1f00000| Complete 
|   2|0x00000000a2000000, 0x00000000a2100000, 0x00000000a2100000|100%| O|  |TAMS 0x00000000a2000000, 0x00000000a2000000| Untracked 
|   3|0x00000000a2100000, 0x00000000a2200000, 0x00000000a2200000|100%| O|  |TAMS 0x00000000a2100000, 0x00000000a2100000| Untracked 
|   4|0x00000000a2200000, 0x00000000a2300000, 0x00000000a2300000|100%| O|  |TAMS 0x00000000a2200000, 0x00000000a2200000| Untracked 
|   5|0x00000000a2300000, 0x00000000a2400000, 0x00000000a2400000|100%| O|  |TAMS 0x00000000a2300000, 0x00000000a2300000| Untracked 
|   6|0x00000000a2400000, 0x00000000a2500000, 0x00000000a2500000|100%| O|  |TAMS 0x00000000a2400000, 0x00000000a2400000| Untracked 
|   7|0x00000000a2500000, 0x00000000a2600000, 0x00000000a2600000|100%| O|  |TAMS 0x00000000a2500000, 0x00000000a2500000| Untracked 
|   8|0x00000000a2600000, 0x00000000a2700000, 0x00000000a2700000|100%| O|  |TAMS 0x00000000a2600000, 0x00000000a2600000| Untracked 
|   9|0x00000000a2700000, 0x00000000a2800000, 0x00000000a2800000|100%| O|  |TAMS 0x00000000a2700000, 0x00000000a2700000| Untracked 
|  10|0x00000000a2800000, 0x00000000a28c3400, 0x00000000a2900000| 76%| O|  |TAMS 0x00000000a2800000, 0x00000000a2800000| Untracked 
|  11|0x00000000a2900000, 0x00000000a2900000, 0x00000000a2a00000|  0%| F|  |TAMS 0x00000000a2900000, 0x00000000a2900000| Untracked 
|  12|0x00000000a2a00000, 0x00000000a2a00000, 0x00000000a2b00000|  0%| F|  |TAMS 0x00000000a2a00000, 0x00000000a2a00000| Untracked 
|  13|0x00000000a2b00000, 0x00000000a2b00000, 0x00000000a2c00000|  0%| F|  |TAMS 0x00000000a2b00000, 0x00000000a2b00000| Untracked 
|  14|0x00000000a2c00000, 0x00000000a2c00000, 0x00000000a2d00000|  0%| F|  |TAMS 0x00000000a2c00000, 0x00000000a2c00000| Untracked 
|  15|0x00000000a2d00000, 0x00000000a2d00000, 0x00000000a2e00000|  0%| F|  |TAMS 0x00000000a2d00000, 0x00000000a2d00000| Untracked 
|  16|0x00000000a2e00000, 0x00000000a2e00000, 0x00000000a2f00000|  0%| F|  |TAMS 0x00000000a2e00000, 0x00000000a2e00000| Untracked 
|  17|0x00000000a2f00000, 0x00000000a2f00000, 0x00000000a3000000|  0%| F|  |TAMS 0x00000000a2f00000, 0x00000000a2f00000| Untracked 
|  18|0x00000000a3000000, 0x00000000a3000000, 0x00000000a3100000|  0%| F|  |TAMS 0x00000000a3000000, 0x00000000a3000000| Untracked 
|  19|0x00000000a3100000, 0x00000000a3100000, 0x00000000a3200000|  0%| F|  |TAMS 0x00000000a3100000, 0x00000000a3100000| Untracked 
|  20|0x00000000a3200000, 0x00000000a3200000, 0x00000000a3300000|  0%| F|  |TAMS 0x00000000a3200000, 0x00000000a3200000| Untracked 
|  21|0x00000000a3300000, 0x00000000a3300000, 0x00000000a3400000|  0%| F|  |TAMS 0x00000000a3300000, 0x00000000a3300000| Untracked 
|  22|0x00000000a3400000, 0x00000000a3400000, 0x00000000a3500000|  0%| F|  |TAMS 0x00000000a3400000, 0x00000000a3400000| Untracked 
|  23|0x00000000a3500000, 0x00000000a3500000, 0x00000000a3600000|  0%| F|  |TAMS 0x00000000a3500000, 0x00000000a3500000| Untracked 
|  24|0x00000000a3600000, 0x00000000a3600000, 0x00000000a3700000|  0%| F|  |TAMS 0x00000000a3600000, 0x00000000a3600000| Untracked 
|  25|0x00000000a3700000, 0x00000000a3700000, 0x00000000a3800000|  0%| F|  |TAMS 0x00000000a3700000, 0x00000000a3700000| Untracked 
|  26|0x00000000a3800000, 0x00000000a3800000, 0x00000000a3900000|  0%| F|  |TAMS 0x00000000a3800000, 0x00000000a3800000| Untracked 
|  27|0x00000000a3900000, 0x00000000a3900000, 0x00000000a3a00000|  0%| F|  |TAMS 0x00000000a3900000, 0x00000000a3900000| Untracked 
|  28|0x00000000a3a00000, 0x00000000a3a00000, 0x00000000a3b00000|  0%| F|  |TAMS 0x00000000a3a00000, 0x00000000a3a00000| Untracked 
|  29|0x00000000a3b00000, 0x00000000a3b00000, 0x00000000a3c00000|  0%| F|  |TAMS 0x00000000a3b00000, 0x00000000a3b00000| Untracked 
|  30|0x00000000a3c00000, 0x00000000a3c00000, 0x00000000a3d00000|  0%| F|  |TAMS 0x00000000a3c00000, 0x00000000a3c00000| Untracked 
|  31|0x00000000a3d00000, 0x00000000a3d00000, 0x00000000a3e00000|  0%| F|  |TAMS 0x00000000a3d00000, 0x00000000a3d00000| Untracked 
|  32|0x00000000a3e00000, 0x00000000a3e00000, 0x00000000a3f00000|  0%| F|  |TAMS 0x00000000a3e00000, 0x00000000a3e00000| Untracked 
|  33|0x00000000a3f00000, 0x00000000a3f00000, 0x00000000a4000000|  0%| F|  |TAMS 0x00000000a3f00000, 0x00000000a3f00000| Untracked 
|  34|0x00000000a4000000, 0x00000000a4000000, 0x00000000a4100000|  0%| F|  |TAMS 0x00000000a4000000, 0x00000000a4000000| Untracked 
|  35|0x00000000a4100000, 0x00000000a4100000, 0x00000000a4200000|  0%| F|  |TAMS 0x00000000a4100000, 0x00000000a4100000| Untracked 
|  36|0x00000000a4200000, 0x00000000a4200000, 0x00000000a4300000|  0%| F|  |TAMS 0x00000000a4200000, 0x00000000a4200000| Untracked 
|  37|0x00000000a4300000, 0x00000000a4300000, 0x00000000a4400000|  0%| F|  |TAMS 0x00000000a4300000, 0x00000000a4300000| Untracked 
|  38|0x00000000a4400000, 0x00000000a4400000, 0x00000000a4500000|  0%| F|  |TAMS 0x00000000a4400000, 0x00000000a4400000| Untracked 
|  39|0x00000000a4500000, 0x00000000a4500000, 0x00000000a4600000|  0%| F|  |TAMS 0x00000000a4500000, 0x00000000a4500000| Untracked 
|  40|0x00000000a4600000, 0x00000000a4600000, 0x00000000a4700000|  0%| F|  |TAMS 0x00000000a4600000, 0x00000000a4600000| Untracked 
|  41|0x00000000a4700000, 0x00000000a4700000, 0x00000000a4800000|  0%| F|  |TAMS 0x00000000a4700000, 0x00000000a4700000| Untracked 
|  42|0x00000000a4800000, 0x00000000a4900000, 0x00000000a4900000|100%| S|CS|TAMS 0x00000000a4800000, 0x00000000a4800000| Complete 
|  43|0x00000000a4900000, 0x00000000a4a00000, 0x00000000a4a00000|100%| S|CS|TAMS 0x00000000a4900000, 0x00000000a4900000| Complete 
|  44|0x00000000a4a00000, 0x00000000a4b00000, 0x00000000a4b00000|100%| S|CS|TAMS 0x00000000a4a00000, 0x00000000a4a00000| Complete 
|  45|0x00000000a4b00000, 0x00000000a4c00000, 0x00000000a4c00000|100%| S|CS|TAMS 0x00000000a4b00000, 0x00000000a4b00000| Complete 
|  46|0x00000000a4c00000, 0x00000000a4d00000, 0x00000000a4d00000|100%| S|CS|TAMS 0x00000000a4c00000, 0x00000000a4c00000| Complete 
|  47|0x00000000a4d00000, 0x00000000a4e00000, 0x00000000a4e00000|100%| S|CS|TAMS 0x00000000a4d00000, 0x00000000a4d00000| Complete 
|  48|0x00000000a4e00000, 0x00000000a4e00000, 0x00000000a4f00000|  0%| F|  |TAMS 0x00000000a4e00000, 0x00000000a4e00000| Untracked 
|  49|0x00000000a4f00000, 0x00000000a4f00000, 0x00000000a5000000|  0%| F|  |TAMS 0x00000000a4f00000, 0x00000000a4f00000| Untracked 
|  50|0x00000000a5000000, 0x00000000a5000000, 0x00000000a5100000|  0%| F|  |TAMS 0x00000000a5000000, 0x00000000a5000000| Untracked 
|  51|0x00000000a5100000, 0x00000000a5100000, 0x00000000a5200000|  0%| F|  |TAMS 0x00000000a5100000, 0x00000000a5100000| Untracked 
|  52|0x00000000a5200000, 0x00000000a5200000, 0x00000000a5300000|  0%| F|  |TAMS 0x00000000a5200000, 0x00000000a5200000| Untracked 
|  53|0x00000000a5300000, 0x00000000a5300000, 0x00000000a5400000|  0%| F|  |TAMS 0x00000000a5300000, 0x00000000a5300000| Untracked 
|  54|0x00000000a5400000, 0x00000000a5400000, 0x00000000a5500000|  0%| F|  |TAMS 0x00000000a5400000, 0x00000000a5400000| Untracked 
|  55|0x00000000a5500000, 0x00000000a5500000, 0x00000000a5600000|  0%| F|  |TAMS 0x00000000a5500000, 0x00000000a5500000| Untracked 
|  56|0x00000000a5600000, 0x00000000a5600000, 0x00000000a5700000|  0%| F|  |TAMS 0x00000000a5600000, 0x00000000a5600000| Untracked 
|  57|0x00000000a5700000, 0x00000000a5700000, 0x00000000a5800000|  0%| F|  |TAMS 0x00000000a5700000, 0x00000000a5700000| Untracked 
|  58|0x00000000a5800000, 0x00000000a5800000, 0x00000000a5900000|  0%| F|  |TAMS 0x00000000a5800000, 0x00000000a5800000| Untracked 
|  59|0x00000000a5900000, 0x00000000a5900000, 0x00000000a5a00000|  0%| F|  |TAMS 0x00000000a5900000, 0x00000000a5900000| Untracked 
|  60|0x00000000a5a00000, 0x00000000a5a00000, 0x00000000a5b00000|  0%| F|  |TAMS 0x00000000a5a00000, 0x00000000a5a00000| Untracked 
|  61|0x00000000a5b00000, 0x00000000a5b00000, 0x00000000a5c00000|  0%| F|  |TAMS 0x00000000a5b00000, 0x00000000a5b00000| Untracked 
|  62|0x00000000a5c00000, 0x00000000a5c00000, 0x00000000a5d00000|  0%| F|  |TAMS 0x00000000a5c00000, 0x00000000a5c00000| Untracked 
|  63|0x00000000a5d00000, 0x00000000a5d00000, 0x00000000a5e00000|  0%| F|  |TAMS 0x00000000a5d00000, 0x00000000a5d00000| Untracked 
|  64|0x00000000a5e00000, 0x00000000a5e00000, 0x00000000a5f00000|  0%| F|  |TAMS 0x00000000a5e00000, 0x00000000a5e00000| Untracked 
|  65|0x00000000a5f00000, 0x00000000a5f00000, 0x00000000a6000000|  0%| F|  |TAMS 0x00000000a5f00000, 0x00000000a5f00000| Untracked 
|  66|0x00000000a6000000, 0x00000000a6000000, 0x00000000a6100000|  0%| F|  |TAMS 0x00000000a6000000, 0x00000000a6000000| Untracked 
|  67|0x00000000a6100000, 0x00000000a6100000, 0x00000000a6200000|  0%| F|  |TAMS 0x00000000a6100000, 0x00000000a6100000| Untracked 
|  68|0x00000000a6200000, 0x00000000a6200000, 0x00000000a6300000|  0%| F|  |TAMS 0x00000000a6200000, 0x00000000a6200000| Untracked 
|  69|0x00000000a6300000, 0x00000000a6300000, 0x00000000a6400000|  0%| F|  |TAMS 0x00000000a6300000, 0x00000000a6300000| Untracked 
|  70|0x00000000a6400000, 0x00000000a6400000, 0x00000000a6500000|  0%| F|  |TAMS 0x00000000a6400000, 0x00000000a6400000| Untracked 
|  71|0x00000000a6500000, 0x00000000a6500000, 0x00000000a6600000|  0%| F|  |TAMS 0x00000000a6500000, 0x00000000a6500000| Untracked 
|  72|0x00000000a6600000, 0x00000000a6600000, 0x00000000a6700000|  0%| F|  |TAMS 0x00000000a6600000, 0x00000000a6600000| Untracked 
|  73|0x00000000a6700000, 0x00000000a6700000, 0x00000000a6800000|  0%| F|  |TAMS 0x00000000a6700000, 0x00000000a6700000| Untracked 
|  74|0x00000000a6800000, 0x00000000a6800000, 0x00000000a6900000|  0%| F|  |TAMS 0x00000000a6800000, 0x00000000a6800000| Untracked 
|  75|0x00000000a6900000, 0x00000000a6900000, 0x00000000a6a00000|  0%| F|  |TAMS 0x00000000a6900000, 0x00000000a6900000| Untracked 
|  76|0x00000000a6a00000, 0x00000000a6a00000, 0x00000000a6b00000|  0%| F|  |TAMS 0x00000000a6a00000, 0x00000000a6a00000| Untracked 
|  77|0x00000000a6b00000, 0x00000000a6b00000, 0x00000000a6c00000|  0%| F|  |TAMS 0x00000000a6b00000, 0x00000000a6b00000| Untracked 
|  78|0x00000000a6c00000, 0x00000000a6c00000, 0x00000000a6d00000|  0%| F|  |TAMS 0x00000000a6c00000, 0x00000000a6c00000| Untracked 
|  79|0x00000000a6d00000, 0x00000000a6d00000, 0x00000000a6e00000|  0%| F|  |TAMS 0x00000000a6d00000, 0x00000000a6d00000| Untracked 
|  80|0x00000000a6e00000, 0x00000000a6e00000, 0x00000000a6f00000|  0%| F|  |TAMS 0x00000000a6e00000, 0x00000000a6e00000| Untracked 
|  81|0x00000000a6f00000, 0x00000000a6f00000, 0x00000000a7000000|  0%| F|  |TAMS 0x00000000a6f00000, 0x00000000a6f00000| Untracked 
|  82|0x00000000a7000000, 0x00000000a7000000, 0x00000000a7100000|  0%| F|  |TAMS 0x00000000a7000000, 0x00000000a7000000| Untracked 
|  83|0x00000000a7100000, 0x00000000a7100000, 0x00000000a7200000|  0%| F|  |TAMS 0x00000000a7100000, 0x00000000a7100000| Untracked 
|  84|0x00000000a7200000, 0x00000000a7200000, 0x00000000a7300000|  0%| F|  |TAMS 0x00000000a7200000, 0x00000000a7200000| Untracked 
|  85|0x00000000a7300000, 0x00000000a7300000, 0x00000000a7400000|  0%| F|  |TAMS 0x00000000a7300000, 0x00000000a7300000| Untracked 
|  86|0x00000000a7400000, 0x00000000a7400000, 0x00000000a7500000|  0%| F|  |TAMS 0x00000000a7400000, 0x00000000a7400000| Untracked 
|  87|0x00000000a7500000, 0x00000000a7500000, 0x00000000a7600000|  0%| F|  |TAMS 0x00000000a7500000, 0x00000000a7500000| Untracked 
|  88|0x00000000a7600000, 0x00000000a7600000, 0x00000000a7700000|  0%| F|  |TAMS 0x00000000a7600000, 0x00000000a7600000| Untracked 
|  89|0x00000000a7700000, 0x00000000a7700000, 0x00000000a7800000|  0%| F|  |TAMS 0x00000000a7700000, 0x00000000a7700000| Untracked 
|  90|0x00000000a7800000, 0x00000000a7800000, 0x00000000a7900000|  0%| F|  |TAMS 0x00000000a7800000, 0x00000000a7800000| Untracked 
|  91|0x00000000a7900000, 0x00000000a7980800, 0x00000000a7a00000| 50%| E|  |TAMS 0x00000000a7900000, 0x00000000a7900000| Complete 
|  92|0x00000000a7a00000, 0x00000000a7b00000, 0x00000000a7b00000|100%| E|CS|TAMS 0x00000000a7a00000, 0x00000000a7a00000| Complete 
|  93|0x00000000a7b00000, 0x00000000a7c00000, 0x00000000a7c00000|100%| E|CS|TAMS 0x00000000a7b00000, 0x00000000a7b00000| Complete 
|  94|0x00000000a7c00000, 0x00000000a7d00000, 0x00000000a7d00000|100%| E|CS|TAMS 0x00000000a7c00000, 0x00000000a7c00000| Complete 
|  95|0x00000000a7d00000, 0x00000000a7e00000, 0x00000000a7e00000|100%| E|CS|TAMS 0x00000000a7d00000, 0x00000000a7d00000| Complete 

Card table byte_map: [0x00000247f8140000,0x00000247f8440000] _byte_map_base: 0x00000247f7c31000

Marking Bits (Prev, Next): (CMBitMap*) 0x00000247ed475810, (CMBitMap*) 0x00000247ed4757d8
 Prev Bits: [0x00000247f9ed0000, 0x00000247fb658000)
 Next Bits: [0x00000247f8740000, 0x00000247f9ec8000)

Polling page: 0x00000247ed520000

Metaspace:

Usage:
  Non-class:     25.56 MB capacity,    24.96 MB ( 98%) used,   483.51 KB (  2%) free+waste,   127.56 KB ( <1%) overhead. 
      Class:      3.93 MB capacity,     3.50 MB ( 89%) used,   377.44 KB (  9%) free+waste,    62.25 KB (  2%) overhead. 
       Both:     29.49 MB capacity,    28.46 MB ( 97%) used,   860.95 KB (  3%) free+waste,   189.81 KB ( <1%) overhead. 

Virtual space:
  Non-class space:       26.00 MB reserved,      25.67 MB ( 99%) committed 
      Class space:        1.00 GB reserved,       4.00 MB ( <1%) committed 
             Both:        1.03 GB reserved,      29.67 MB (  3%) committed 

Chunk freelists:
   Non-Class:  0 bytes
       Class:  0 bytes
        Both:  0 bytes

MaxMetaspaceSize: 17179869184.00 GB
CompressedClassSpaceSize: 1.00 GB
Initial GC threshold: 20.80 MB
Current GC threshold: 35.08 MB
CDS: off

CodeHeap 'non-profiled nmethods': size=120000Kb used=1911Kb max_used=1911Kb free=118088Kb
 bounds [0x0000024787ad0000, 0x0000024787d40000, 0x000002478f000000]
CodeHeap 'profiled nmethods': size=120000Kb used=9240Kb max_used=9240Kb free=110760Kb
 bounds [0x00000247805a0000, 0x0000024780eb0000, 0x0000024787ad0000]
CodeHeap 'non-nmethods': size=5760Kb used=1466Kb max_used=1528Kb free=4293Kb
 bounds [0x0000024780000000, 0x0000024780270000, 0x00000247805a0000]
 total_blobs=5558 nmethods=4749 adapters=721
 compilation: enabled
              stopped_count=0, restarted_count=0
 full_count=0

Compilation events (20 events):
Event: 14.419 Thread 0x00000247fe132800 4863       3       com.sun.javafx.util.Logging::getInputLogger (18 bytes)
Event: 14.419 Thread 0x00000247fe132800 nmethod 4863 0x0000024780ea2c90 code [0x0000024780ea2e60, 0x0000024780ea3028]
Event: 14.419 Thread 0x00000247fe131000 nmethod 4862 0x0000024787cabf90 code [0x0000024787cac120, 0x0000024787cac1d8]
Event: 14.422 Thread 0x00000247fe132800 4864       3       com.sun.javafx.event.CompositeEventHandler::find (44 bytes)
Event: 14.423 Thread 0x00000247fe132800 nmethod 4864 0x0000024780ea3110 code [0x0000024780ea3300, 0x0000024780ea3728]
Event: 14.423 Thread 0x00000247fe132800 4865       3       com.sun.prism.d3d.D3DContext::updateClipRect (70 bytes)
Event: 14.424 Thread 0x00000247fe132800 nmethod 4865 0x0000024780ea3890 code [0x0000024780ea3a80, 0x0000024780ea3dc8]
Event: 14.427 Thread 0x00000247fe131000 4867       4       com.sun.javafx.geom.transform.AffineBase::doTransform (657 bytes)
Event: 14.427 Thread 0x00000247fe132800 4869       3       com.sun.javafx.sg.prism.NGRegion::getNormalizedFillRadii (43 bytes)
Event: 14.427 Thread 0x00000247fe132800 nmethod 4869 0x0000024780ea3f10 code [0x0000024780ea4100, 0x0000024780ea45f8]
Event: 14.436 Thread 0x00000247fe131000 nmethod 4867 0x0000024787cac710 code [0x0000024787cac8a0, 0x0000024787cacd98]
Event: 14.436 Thread 0x00000247fe131000 4868       4       com.sun.javafx.geom.transform.AffineBase::transform (19 bytes)
Event: 14.436 Thread 0x00000247fe131000 nmethod 4868 0x0000024787cad010 code [0x0000024787cad1a0, 0x0000024787cad228]
Event: 14.440 Thread 0x00000247fe132800 4870       3       com.sun.javafx.tk.quantum.ViewPainter::getRootPath (26 bytes)
Event: 14.440 Thread 0x00000247fe132800 nmethod 4870 0x0000024780ea4790 code [0x0000024780ea49a0, 0x0000024780ea5038]
Event: 15.156 Thread 0x00000247fe131000 4871  s!   4       com.sun.javafx.tk.Toolkit::getToolkit (244 bytes)
Event: 15.158 Thread 0x00000247fe131000 nmethod 4871 0x0000024787cad310 code [0x0000024787cad4c0, 0x0000024787cad6f8]
Event: 15.160 Thread 0x00000247fe131000 4872       4       com.sun.javafx.event.EventDispatchChainImpl::dispatchEvent (101 bytes)
Event: 15.162 Thread 0x00000247fe131000 nmethod 4872 0x0000024787cad810 code [0x0000024787cad9a0, 0x0000024787cadb18]
Event: 15.191 Thread 0x00000247fe131000 4873       4       javafx.scene.Node::updateBounds (174 bytes)

GC Heap History (6 events):
Event: 1.271 GC heap before
{Heap before GC invocations=0 (full 0):
 garbage-first heap   total 98304K, used 23552K [0x00000000a1e00000, 0x0000000100000000)
  region size 1024K, 24 young (24576K), 0 survivors (0K)
 Metaspace       used 12726K, capacity 13092K, committed 13312K, reserved 1060864K
  class space    used 1312K, capacity 1452K, committed 1536K, reserved 1048576K
}
Event: 1.277 GC heap after
{Heap after GC invocations=1 (full 0):
 garbage-first heap   total 98304K, used 3040K [0x00000000a1e00000, 0x0000000100000000)
  region size 1024K, 3 young (3072K), 3 survivors (3072K)
 Metaspace       used 12726K, capacity 13092K, committed 13312K, reserved 1060864K
  class space    used 1312K, capacity 1452K, committed 1536K, reserved 1048576K
}
Event: 2.464 GC heap before
{Heap before GC invocations=1 (full 0):
 garbage-first heap   total 98304K, used 33760K [0x00000000a1e00000, 0x0000000100000000)
  region size 1024K, 34 young (34816K), 3 survivors (3072K)
 Metaspace       used 20615K, capacity 21195K, committed 21296K, reserved 1069056K
  class space    used 2445K, capacity 2681K, committed 2688K, reserved 1048576K
}
Event: 2.476 GC heap after
{Heap after GC invocations=2 (full 0):
 garbage-first heap   total 98304K, used 7060K [0x00000000a1e00000, 0x0000000100000000)
  region size 1024K, 7 young (7168K), 7 survivors (7168K)
 Metaspace       used 20615K, capacity 21195K, committed 21296K, reserved 1069056K
  class space    used 2445K, capacity 2681K, committed 2688K, reserved 1048576K
}
Event: 10.060 GC heap before
{Heap before GC invocations=3 (full 0):
 garbage-first heap   total 98304K, used 51092K [0x00000000a1e00000, 0x0000000100000000)
  region size 1024K, 48 young (49152K), 7 survivors (7168K)
 Metaspace       used 28834K, capacity 29854K, committed 30128K, reserved 1075200K
  class space    used 3566K, capacity 3997K, committed 4096K, reserved 1048576K
}
Event: 10.083 GC heap after
{Heap after GC invocations=4 (full 0):
 garbage-first heap   total 98304K, used 17165K [0x00000000a1e00000, 0x0000000100000000)
  region size 1024K, 6 young (6144K), 6 survivors (6144K)
 Metaspace       used 28834K, capacity 29854K, committed 30128K, reserved 1075200K
  class space    used 3566K, capacity 3997K, committed 4096K, reserved 1048576K
}

Deoptimization events (20 events):
Event: 10.055 Thread 0x000002478f141800 Uncommon trap: trap_request=0xffffff4d fr.pc=0x0000024787c65c74 relative=0x0000000000000814
Event: 10.055 Thread 0x000002478f141800 Uncommon trap: reason=unstable_if action=reinterpret pc=0x0000024787c65c74 method=com.sun.javafx.css.StyleManager$CacheContainer.getStyleMap(I)Lcom/sun/javafx/css/StyleMap; @ 22 c2
Event: 10.055 Thread 0x000002478f141800 DEOPT PACKING pc=0x0000024787c65c74 sp=0x0000005672dfac00
Event: 10.055 Thread 0x000002478f141800 DEOPT UNPACKING pc=0x000002478004a1af sp=0x0000005672dfaac0 mode 2
Event: 10.056 Thread 0x000002478f141800 Uncommon trap: trap_request=0xffffff4d fr.pc=0x0000024787c64f0c relative=0x00000000000002ac
Event: 10.056 Thread 0x000002478f141800 Uncommon trap: reason=unstable_if action=reinterpret pc=0x0000024787c64f0c method=com.sun.javafx.css.StyleManager$CacheContainer.getStyleMap(I)Lcom/sun/javafx/css/StyleMap; @ 22 c2
Event: 10.056 Thread 0x000002478f141800 DEOPT PACKING pc=0x0000024787c64f0c sp=0x0000005672dfaaa0
Event: 10.056 Thread 0x000002478f141800 DEOPT UNPACKING pc=0x000002478004a1af sp=0x0000005672dfaa50 mode 2
Event: 12.456 Thread 0x000002478f141800 Uncommon trap: trap_request=0xffffff4d fr.pc=0x0000024787c9e184 relative=0x0000000000000e64
Event: 12.456 Thread 0x000002478f141800 Uncommon trap: reason=unstable_if action=reinterpret pc=0x0000024787c9e184 method=javafx.scene.Node.updateBounds()V @ 27 c2
Event: 12.456 Thread 0x000002478f141800 DEOPT PACKING pc=0x0000024787c9e184 sp=0x0000005672dfc780
Event: 12.456 Thread 0x000002478f141800 DEOPT UNPACKING pc=0x000002478004a1af sp=0x0000005672dfc770 mode 2
Event: 12.456 Thread 0x000002478f141800 Uncommon trap: trap_request=0xffffff4d fr.pc=0x0000024787c850e0 relative=0x00000000000005a0
Event: 12.456 Thread 0x000002478f141800 Uncommon trap: reason=unstable_if action=reinterpret pc=0x0000024787c850e0 method=com.sun.javafx.geom.RectBounds.deriveWithNewBounds(FFFFFF)Lcom/sun/javafx/geom/BaseBounds; @ 4 c2
Event: 12.456 Thread 0x000002478f141800 DEOPT PACKING pc=0x0000024787c850e0 sp=0x0000005672dfc440
Event: 12.456 Thread 0x000002478f141800 DEOPT UNPACKING pc=0x000002478004a1af sp=0x0000005672dfc368 mode 2
Event: 12.744 Thread 0x000002478f141800 Uncommon trap: trap_request=0xffffff4d fr.pc=0x0000024787c89944 relative=0x0000000000000d24
Event: 12.745 Thread 0x000002478f141800 Uncommon trap: reason=unstable_if action=reinterpret pc=0x0000024787c89944 method=javafx.scene.Node.pickNode(Lcom/sun/javafx/geom/PickRay;Lcom/sun/javafx/scene/input/PickResultChooser;)V @ 11 c2
Event: 12.745 Thread 0x000002478f141800 DEOPT PACKING pc=0x0000024787c89944 sp=0x0000005672dfbe20
Event: 12.745 Thread 0x000002478f141800 DEOPT UNPACKING pc=0x000002478004a1af sp=0x0000005672dfbae8 mode 2

Classes redefined (0 events):
No events

Internal exceptions (20 events):
Event: 2.582 Thread 0x000002478f141800 Implicit null exception at 0x0000024787b0452f to 0x0000024787b0459d
Event: 2.661 Thread 0x000002478f141800 Exception <a 'java/lang/ClassNotFoundException'{0x00000000a7a8bb00}: com/sun/javafx/scene/control/skin/resources/controls-nt> (0x00000000a7a8bb00) thrown at [./src/hotspot/share/prims/jni.cpp, line 638]
Event: 2.662 Thread 0x000002478f141800 Exception <a 'java/lang/ClassNotFoundException'{0x00000000a7a943e8}: com/sun/javafx/scene/control/skin/resources/controls-nt_en> (0x00000000a7a943e8) thrown at [./src/hotspot/share/prims/jni.cpp, line 638]
Event: 2.662 Thread 0x000002478f141800 Exception <a 'java/lang/ClassNotFoundException'{0x00000000a7a95d20}: com/sun/javafx/scene/control/skin/resources/controls-nt_en_US> (0x00000000a7a95d20) thrown at [./src/hotspot/share/prims/jni.cpp, line 638]
Event: 2.689 Thread 0x000002478f141800 Exception <a 'java/lang/NoSuchMethodError'{0x00000000a79644e0}: 'java.lang.Object java.lang.invoke.DirectMethodHandle$Holder.invokeInterface(java.lang.Object, java.lang.Object, java.lang.Object)'> (0x00000000a79644e0) thrown at [./src/hotspot/share/interpreter/linkResolver.cpp, line 773]
Event: 2.690 Thread 0x000002478f141800 Exception <a 'java/lang/IncompatibleClassChangeError'{0x00000000a7967698}: Found class java.lang.Object, but interface was expected> (0x00000000a7967698) thrown at [./src/hotspot/share/interpreter/linkResolver.cpp, line 839]
Event: 2.697 Thread 0x000002478f141800 Exception <a 'java/lang/ClassNotFoundException'{0x00000000a798fbb0}: com/sun/javafx/scene/control/skin/resources/controls> (0x00000000a798fbb0) thrown at [./src/hotspot/share/prims/jni.cpp, line 638]
Event: 2.698 Thread 0x000002478f141800 Exception <a 'java/lang/ClassNotFoundException'{0x00000000a799dba8}: com/sun/javafx/scene/control/skin/resources/controls_en> (0x00000000a799dba8) thrown at [./src/hotspot/share/prims/jni.cpp, line 638]
Event: 2.699 Thread 0x000002478f141800 Exception <a 'java/lang/ClassNotFoundException'{0x00000000a799f210}: com/sun/javafx/scene/control/skin/resources/controls_en_US> (0x00000000a799f210) thrown at [./src/hotspot/share/prims/jni.cpp, line 638]
Event: 2.758 Thread 0x000002478f141800 Exception <a 'java/lang/NoSuchMethodError'{0x00000000a77c8d88}: 'java.lang.Object java.lang.invoke.Invokers$Holder.linkToTargetMethod(java.lang.Object, int, java.lang.Object)'> (0x00000000a77c8d88) thrown at [./src/hotspot/share/interpreter/linkResolver.cpp, line 773]
Event: 2.853 Thread 0x000002478f141800 Exception <a 'java/lang/NoSuchMethodError'{0x00000000a742ae40}: 'void java.lang.invoke.DirectMethodHandle$Holder.invokeSpecial(java.lang.Object, java.lang.Object, java.lang.Object, java.lang.Object, java.lang.Object, java.lang.Object)'> (0x00000000a742ae40) thrown at [./src/hotspot/share/interpreter/linkResolver.cpp, line 773]
Event: 3.553 Thread 0x000002478f141800 Exception <a 'java/lang/NoSuchMethodError'{0x00000000a6a23320}: 'void java.lang.invoke.DirectMethodHandle$Holder.invokeSpecialIFC(java.lang.Object, java.lang.Object, java.lang.Object, java.lang.Object)'> (0x00000000a6a23320) thrown at [./src/hotspot/share/interpreter/linkResolver.cpp, line 773]
Event: 3.843 Thread 0x00000247ff15c800 Exception <a 'java/lang/NoSuchMethodError'{0x00000000a6299b40}: 'int java.lang.invoke.DirectMethodHandle$Holder.invokeStaticInit(java.lang.Object, java.lang.Object)'> (0x00000000a6299b40) thrown at [./src/hotspot/share/interpreter/linkResolver.cpp, line 773]
Event: 4.922 Thread 0x000002478f141800 Exception <a 'java/lang/NoSuchMethodError'{0x00000000a5de4b28}: 'long java.lang.invoke.DirectMethodHandle$Holder.invokeStaticInit(java.lang.Object, java.lang.Object, java.lang.Object)'> (0x00000000a5de4b28) thrown at [./src/hotspot/share/interpreter/linkResolver.cpp, line 773]
Event: 4.924 Thread 0x000002478f141800 Exception <a 'java/lang/NoSuchMethodError'{0x00000000a5dfd5d8}: 'java.lang.Object java.lang.invoke.DirectMethodHandle$Holder.invokeStatic(java.lang.Object, java.lang.Object, long)'> (0x00000000a5dfd5d8) thrown at [./src/hotspot/share/interpreter/linkResolver.cpp, line 773]
Event: 4.925 Thread 0x000002478f141800 Exception <a 'java/lang/NoSuchMethodError'{0x00000000a5c03c28}: 'java.lang.Object java.lang.invoke.Invokers$Holder.linkToTargetMethod(java.lang.Object, long, java.lang.Object)'> (0x00000000a5c03c28) thrown at [./src/hotspot/share/interpreter/linkResolver.cpp, line 773]
Event: 7.357 Thread 0x000002478f141800 Implicit null exception at 0x0000024787bf3ce4 to 0x0000024787bfd77c
Event: 7.972 Thread 0x00000247ff15c800 Exception <a 'java/lang/NoSuchMethodError'{0x00000000a5d3fd90}: 'java.lang.Object java.lang.invoke.DirectMethodHandle$Holder.invokeStaticInit(java.lang.Object, int)'> (0x00000000a5d3fd90) thrown at [./src/hotspot/share/interpreter/linkResolver.cpp, line 773]
Event: 10.815 Thread 0x000002478f141800 Exception <a 'java/lang/NoSuchMethodError'{0x00000000a7bb57a0}: 'java.lang.Object java.lang.invoke.DirectMethodHandle$Holder.invokeStatic(java.lang.Object, java.lang.Object, java.lang.Object, java.lang.Object, java.lang.Object, java.lang.Object, java.lang.Object, java.lang.Object, int)'> (0x00000000a7bb57a0) thrown at [./src/hotspot/share/interpreter/linkResolver.cpp, line 773]
Event: 10.819 Thread 0x000002478f141800 Exception <a 'java/lang/NoSuchMethodError'{0x00000000a7bcfc30}: 'java.lang.Object java.lang.invoke.DirectMethodHandle$Holder.invokeStatic(java.lang.Object, java.lang.Object, java.lang.Object, java.lang.Object, java.lang.Object, java.lang.Object, java.lang.Object, java.lang.Object, int, int)'> (0x00000000a7bcfc30) thrown at [./src/hotspot/share/interpreter/linkResolver.cpp, line 773]

Events (20 events):
Event: 10.152 Executing VM operation: RevokeBias
Event: 10.153 Executing coalesced safepoint VM operation: RevokeBias
Event: 10.153 Executing coalesced safepoint VM operation: RevokeBias done
Event: 10.153 Executing VM operation: RevokeBias done
Event: 10.335 Loaded shared library C:\Users\20567\.jdks\corretto-11.0.18\bin\java.dll
Event: 10.799 loading class java/time/format/DateTimeFormatterBuilder$LocalizedPrinterParser
Event: 10.800 loading class java/time/format/DateTimeFormatterBuilder$LocalizedPrinterParser done
Event: 10.800 loading class sun/text/spi/JavaTimeDateTimePatternProvider
Event: 10.800 loading class sun/text/spi/JavaTimeDateTimePatternProvider done
Event: 10.801 loading class sun/util/locale/provider/JavaTimeDateTimePatternImpl
Event: 10.802 loading class sun/util/locale/provider/JavaTimeDateTimePatternImpl done
Event: 10.812 Executing VM operation: RevokeBias
Event: 10.812 Executing VM operation: RevokeBias done
Event: 10.814 loading class java/lang/invoke/BoundMethodHandle$Species_LLLLLI
Event: 10.814 loading class java/lang/invoke/BoundMethodHandle$Species_LLLLLI done
Event: 10.817 loading class java/lang/invoke/BoundMethodHandle$Species_LLLLLII
Event: 10.817 loading class java/lang/invoke/BoundMethodHandle$Species_LLLLLII done
Event: 10.821 Executing VM operation: RevokeBias
Event: 10.821 Executing VM operation: RevokeBias done
Event: 14.426 Loaded shared library C:\Users\20567\.openjfx\cache\17.0.2-ea\prism_d3d.dll


Dynamic libraries:
0x00007ff7583c0000 - 0x00007ff7583cd000 	C:\Users\20567\.jdks\corretto-11.0.18\bin\java.exe
0x00007ffc5ef10000 - 0x00007ffc5f108000 	C:\WINDOWS\SYSTEM32\ntdll.dll
0x00007ffc5d6e0000 - 0x00007ffc5d79f000 	C:\WINDOWS\System32\KERNEL32.DLL
0x00007ffc5cbf0000 - 0x00007ffc5cec2000 	C:\WINDOWS\System32\KERNELBASE.dll
0x00007ffc5c670000 - 0x00007ffc5c770000 	C:\WINDOWS\System32\ucrtbase.dll
0x00007ffc416a0000 - 0x00007ffc416b7000 	C:\Users\20567\.jdks\corretto-11.0.18\bin\jli.dll
0x00007ffc34f40000 - 0x00007ffc34f59000 	C:\Users\20567\.jdks\corretto-11.0.18\bin\VCRUNTIME140.dll
0x00007ffc5d530000 - 0x00007ffc5d6d1000 	C:\WINDOWS\System32\USER32.dll
0x00007ffc5cf20000 - 0x00007ffc5cf42000 	C:\WINDOWS\System32\win32u.dll
0x00007ffc5ba00000 - 0x00007ffc5bc9a000 	C:\WINDOWS\WinSxS\amd64_microsoft.windows.common-controls_6595b64144ccf1df_6.0.19041.1110_none_60b5254171f9507e\COMCTL32.dll
0x00007ffc5de50000 - 0x00007ffc5de7b000 	C:\WINDOWS\System32\GDI32.dll
0x00007ffc5d840000 - 0x00007ffc5d8de000 	C:\WINDOWS\System32\msvcrt.dll
0x00007ffc5ca30000 - 0x00007ffc5cb3f000 	C:\WINDOWS\System32\gdi32full.dll
0x00007ffc5c990000 - 0x00007ffc5ca2d000 	C:\WINDOWS\System32\msvcp_win.dll
0x00007ffc5de80000 - 0x00007ffc5deb2000 	C:\WINDOWS\System32\IMM32.DLL
0x00007ffc168f0000 - 0x00007ffc1698b000 	C:\Users\20567\.jdks\corretto-11.0.18\bin\msvcp140.dll
0x00007ffbc3110000 - 0x00007ffbc3c9a000 	C:\Users\20567\.jdks\corretto-11.0.18\bin\server\jvm.dll
0x00007ffc5d3d0000 - 0x00007ffc5d47e000 	C:\WINDOWS\System32\ADVAPI32.dll
0x00007ffc5d8e0000 - 0x00007ffc5d97c000 	C:\WINDOWS\System32\sechost.dll
0x00007ffc5cf50000 - 0x00007ffc5d075000 	C:\WINDOWS\System32\RPCRT4.dll
0x00007ffc5d7a0000 - 0x00007ffc5d7a8000 	C:\WINDOWS\System32\PSAPI.DLL
0x00007ffc53b10000 - 0x00007ffc53b1a000 	C:\WINDOWS\SYSTEM32\VERSION.dll
0x00007ffc4fec0000 - 0x00007ffc4fee7000 	C:\WINDOWS\SYSTEM32\WINMM.dll
0x00007ffc42be0000 - 0x00007ffc42be9000 	C:\WINDOWS\SYSTEM32\WSOCK32.dll
0x00007ffc5e3d0000 - 0x00007ffc5e43b000 	C:\WINDOWS\System32\WS2_32.dll
0x00007ffc5a030000 - 0x00007ffc5a042000 	C:\WINDOWS\SYSTEM32\kernel.appcore.dll
0x00007ffc2c9e0000 - 0x00007ffc2c9f0000 	C:\Users\20567\.jdks\corretto-11.0.18\bin\verify.dll
0x00007ffc5c030000 - 0x00007ffc5c214000 	C:\WINDOWS\SYSTEM32\DBGHELP.DLL
0x00007ffc5bdd0000 - 0x00007ffc5be05000 	C:\WINDOWS\SYSTEM32\dbgcore.DLL
0x00007ffc5c7a0000 - 0x00007ffc5c822000 	C:\WINDOWS\System32\bcryptPrimitives.dll
0x00007ffc19500000 - 0x00007ffc19528000 	C:\Users\20567\.jdks\corretto-11.0.18\bin\java.dll
0x00007ffc2c9d0000 - 0x00007ffc2c9da000 	C:\Users\20567\.jdks\corretto-11.0.18\bin\jimage.dll
0x00007ffc2c9c0000 - 0x00007ffc2c9ce000 	C:\Users\20567\.jdks\corretto-11.0.18\bin\instrument.dll
0x00007ffc2a2f0000 - 0x00007ffc2a308000 	C:\Users\20567\.jdks\corretto-11.0.18\bin\zip.dll
0x00007ffc5e780000 - 0x00007ffc5eec5000 	C:\WINDOWS\System32\SHELL32.dll
0x00007ffc5a050000 - 0x00007ffc5a7e2000 	C:\WINDOWS\SYSTEM32\windows.storage.dll
0x00007ffc5e070000 - 0x00007ffc5e3c5000 	C:\WINDOWS\System32\combase.dll
0x00007ffc5b960000 - 0x00007ffc5b990000 	C:\WINDOWS\SYSTEM32\Wldp.dll
0x00007ffc5d480000 - 0x00007ffc5d52d000 	C:\WINDOWS\System32\SHCORE.dll
0x00007ffc5dfb0000 - 0x00007ffc5e005000 	C:\WINDOWS\System32\shlwapi.dll
0x00007ffc5c540000 - 0x00007ffc5c55f000 	C:\WINDOWS\SYSTEM32\profapi.dll
0x00007ffc299d0000 - 0x00007ffc299e9000 	C:\Users\20567\.jdks\corretto-11.0.18\bin\net.dll
0x00007ffc50400000 - 0x00007ffc5050c000 	C:\WINDOWS\SYSTEM32\WINHTTP.dll
0x00007ffc5b830000 - 0x00007ffc5b89a000 	C:\WINDOWS\system32\mswsock.dll
0x00007ffc29750000 - 0x00007ffc29763000 	C:\Users\20567\.jdks\corretto-11.0.18\bin\nio.dll
0x00007ffc16b10000 - 0x00007ffc16b2a000 	C:\Program Files\JetBrains\IntelliJ IDEA Community Edition 2022.3.1\bin\breakgen64.dll
0x00000247ed570000 - 0x00000247ed573000 	C:\Users\20567\.openjfx\cache\17.0.2-ea\api-ms-win-core-console-l1-1-0.dll
0x00000247ff660000 - 0x00000247ff663000 	C:\Users\20567\.openjfx\cache\17.0.2-ea\api-ms-win-core-console-l1-2-0.dll
0x00000247ff670000 - 0x00000247ff673000 	C:\Users\20567\.openjfx\cache\17.0.2-ea\api-ms-win-core-datetime-l1-1-0.dll
0x00000247ff680000 - 0x00000247ff683000 	C:\Users\20567\.openjfx\cache\17.0.2-ea\api-ms-win-core-debug-l1-1-0.dll
0x00000247ff690000 - 0x00000247ff693000 	C:\Users\20567\.openjfx\cache\17.0.2-ea\api-ms-win-core-errorhandling-l1-1-0.dll
0x00000247ff6a0000 - 0x00000247ff6a4000 	C:\Users\20567\.openjfx\cache\17.0.2-ea\api-ms-win-core-file-l1-1-0.dll
0x00000247ff6b0000 - 0x00000247ff6b3000 	C:\Users\20567\.openjfx\cache\17.0.2-ea\api-ms-win-core-file-l1-2-0.dll
0x00000247ff6c0000 - 0x00000247ff6c3000 	C:\Users\20567\.openjfx\cache\17.0.2-ea\api-ms-win-core-file-l2-1-0.dll
0x00000247ff6d0000 - 0x00000247ff6d3000 	C:\Users\20567\.openjfx\cache\17.0.2-ea\api-ms-win-core-handle-l1-1-0.dll
0x00000247ff6e0000 - 0x00000247ff6e3000 	C:\Users\20567\.openjfx\cache\17.0.2-ea\api-ms-win-core-heap-l1-1-0.dll
0x00000247ff6f0000 - 0x00000247ff6f3000 	C:\Users\20567\.openjfx\cache\17.0.2-ea\api-ms-win-core-interlocked-l1-1-0.dll
0x00000247ff700000 - 0x00000247ff703000 	C:\Users\20567\.openjfx\cache\17.0.2-ea\api-ms-win-core-libraryloader-l1-1-0.dll
0x00000247ff710000 - 0x00000247ff713000 	C:\Users\20567\.openjfx\cache\17.0.2-ea\api-ms-win-core-localization-l1-2-0.dll
0x00000247ff720000 - 0x00000247ff723000 	C:\Users\20567\.openjfx\cache\17.0.2-ea\api-ms-win-core-memory-l1-1-0.dll
0x00000247ff730000 - 0x00000247ff733000 	C:\Users\20567\.openjfx\cache\17.0.2-ea\api-ms-win-core-namedpipe-l1-1-0.dll
0x00000247ff740000 - 0x00000247ff743000 	C:\Users\20567\.openjfx\cache\17.0.2-ea\api-ms-win-core-processenvironment-l1-1-0.dll
0x00000247ff750000 - 0x00000247ff753000 	C:\Users\20567\.openjfx\cache\17.0.2-ea\api-ms-win-core-processthreads-l1-1-0.dll
0x00000247ff760000 - 0x00000247ff763000 	C:\Users\20567\.openjfx\cache\17.0.2-ea\api-ms-win-core-processthreads-l1-1-1.dll
0x00000247ff770000 - 0x00000247ff773000 	C:\Users\20567\.openjfx\cache\17.0.2-ea\api-ms-win-core-profile-l1-1-0.dll
0x00000247ff780000 - 0x00000247ff783000 	C:\Users\20567\.openjfx\cache\17.0.2-ea\api-ms-win-core-rtlsupport-l1-1-0.dll
0x00000247ff790000 - 0x00000247ff793000 	C:\Users\20567\.openjfx\cache\17.0.2-ea\api-ms-win-core-string-l1-1-0.dll
0x00000247ff7a0000 - 0x00000247ff7a3000 	C:\Users\20567\.openjfx\cache\17.0.2-ea\api-ms-win-core-synch-l1-1-0.dll
0x00000247ff7b0000 - 0x00000247ff7b3000 	C:\Users\20567\.openjfx\cache\17.0.2-ea\api-ms-win-core-synch-l1-2-0.dll
0x00000247ff7c0000 - 0x00000247ff7c3000 	C:\Users\20567\.openjfx\cache\17.0.2-ea\api-ms-win-core-sysinfo-l1-1-0.dll
0x00000247ff7d0000 - 0x00000247ff7d3000 	C:\Users\20567\.openjfx\cache\17.0.2-ea\api-ms-win-core-timezone-l1-1-0.dll
0x00000247ff7e0000 - 0x00000247ff7e3000 	C:\Users\20567\.openjfx\cache\17.0.2-ea\api-ms-win-core-util-l1-1-0.dll
0x00000247ff7f0000 - 0x00000247ff7f3000 	C:\Users\20567\.openjfx\cache\17.0.2-ea\api-ms-win-crt-conio-l1-1-0.dll
0x00000247ff800000 - 0x00000247ff804000 	C:\Users\20567\.openjfx\cache\17.0.2-ea\api-ms-win-crt-convert-l1-1-0.dll
0x00000247ff810000 - 0x00000247ff813000 	C:\Users\20567\.openjfx\cache\17.0.2-ea\api-ms-win-crt-environment-l1-1-0.dll
0x00000247ff820000 - 0x00000247ff823000 	C:\Users\20567\.openjfx\cache\17.0.2-ea\api-ms-win-crt-filesystem-l1-1-0.dll
0x00000247ff830000 - 0x00000247ff833000 	C:\Users\20567\.openjfx\cache\17.0.2-ea\api-ms-win-crt-heap-l1-1-0.dll
0x00000247ff840000 - 0x00000247ff843000 	C:\Users\20567\.openjfx\cache\17.0.2-ea\api-ms-win-crt-locale-l1-1-0.dll
0x00000247ff850000 - 0x00000247ff855000 	C:\Users\20567\.openjfx\cache\17.0.2-ea\api-ms-win-crt-math-l1-1-0.dll
0x00000247ff860000 - 0x00000247ff865000 	C:\Users\20567\.openjfx\cache\17.0.2-ea\api-ms-win-crt-multibyte-l1-1-0.dll
0x00000247ff870000 - 0x00000247ff880000 	C:\Users\20567\.openjfx\cache\17.0.2-ea\api-ms-win-crt-private-l1-1-0.dll
0x00000247ff880000 - 0x00000247ff883000 	C:\Users\20567\.openjfx\cache\17.0.2-ea\api-ms-win-crt-process-l1-1-0.dll
0x00000247ff890000 - 0x00000247ff894000 	C:\Users\20567\.openjfx\cache\17.0.2-ea\api-ms-win-crt-runtime-l1-1-0.dll
0x00000247ff8a0000 - 0x00000247ff8a4000 	C:\Users\20567\.openjfx\cache\17.0.2-ea\api-ms-win-crt-stdio-l1-1-0.dll
0x00000247ff8b0000 - 0x00000247ff8b4000 	C:\Users\20567\.openjfx\cache\17.0.2-ea\api-ms-win-crt-string-l1-1-0.dll
0x00000247ff8c0000 - 0x00000247ff8c3000 	C:\Users\20567\.openjfx\cache\17.0.2-ea\api-ms-win-crt-time-l1-1-0.dll
0x00000247ff8d0000 - 0x00000247ff8d3000 	C:\Users\20567\.openjfx\cache\17.0.2-ea\api-ms-win-crt-utility-l1-1-0.dll
0x00007ffc16780000 - 0x00007ffc1687c000 	C:\Users\20567\.openjfx\cache\17.0.2-ea\ucrtbase.dll
0x00007ffc168d0000 - 0x00007ffc168ea000 	C:\Users\20567\.openjfx\cache\17.0.2-ea\vcruntime140.dll
0x00007ffc24440000 - 0x00007ffc2444c000 	C:\Users\20567\.openjfx\cache\17.0.2-ea\vcruntime140_1.dll
0x00007ffc15e20000 - 0x00007ffc15ead000 	C:\Users\20567\.openjfx\cache\17.0.2-ea\msvcp140.dll
0x00007ffc15df0000 - 0x00007ffc15e1a000 	C:\Users\20567\.openjfx\cache\17.0.2-ea\prism_d3d.dll
0x00007ffc47d60000 - 0x00007ffc47f2e000 	C:\WINDOWS\system32\d3d9.dll
0x00007ffc59b60000 - 0x00007ffc59b8f000 	C:\WINDOWS\SYSTEM32\dwmapi.dll
0x00007ffc591f0000 - 0x00007ffc5928e000 	C:\WINDOWS\system32\uxtheme.dll
0x00007ffc4fef0000 - 0x00007ffc500c8000 	C:\WINDOWS\System32\DriverStore\FileRepository\u0356148.inf_amd64_49a476cb3d4116cb\B355990\aticfx64.dll
0x00007ffc08360000 - 0x00007ffc08391000 	C:\WINDOWS\System32\DriverStore\FileRepository\u0356148.inf_amd64_49a476cb3d4116cb\B355990\atiu9p64.dll
0x00007ffbe18f0000 - 0x00007ffbe255a000 	C:\WINDOWS\System32\DriverStore\FileRepository\u0356148.inf_amd64_49a476cb3d4116cb\B355990\atiumd64.dll
0x00007ffc5e4b0000 - 0x00007ffc5e5da000 	C:\WINDOWS\System32\ole32.dll
0x000000005ecd0000 - 0x000000005fa75000 	C:\WINDOWS\System32\DriverStore\FileRepository\u0356148.inf_amd64_49a476cb3d4116cb\B355990\atiumd6a.dll
0x00007ffc5c220000 - 0x00007ffc5c26b000 	C:\WINDOWS\SYSTEM32\POWRPROF.dll
0x00007ffc5bd90000 - 0x00007ffc5bda2000 	C:\WINDOWS\SYSTEM32\UMPDC.dll
0x00007ffc4c9a0000 - 0x00007ffc4c9ce000 	C:\WINDOWS\SYSTEM32\amdihk64.dll
0x00007ffc14450000 - 0x00007ffc14492000 	C:\Users\20567\.openjfx\cache\17.0.2-ea\glass.dll
0x00007ffc5dec0000 - 0x00007ffc5df9a000 	C:\WINDOWS\System32\COMDLG32.dll
0x00007ffc5d0a0000 - 0x00007ffc5d16d000 	C:\WINDOWS\System32\OLEAUT32.dll
0x00007ffc5e5e0000 - 0x00007ffc5e6f5000 	C:\WINDOWS\System32\MSCTF.dll
0x00007ffc507b0000 - 0x00007ffc507eb000 	C:\WINDOWS\SYSTEM32\dxcore.dll
0x00007ffc5ced0000 - 0x00007ffc5cf1e000 	C:\WINDOWS\System32\cfgmgr32.dll
0x00007ffc3eb40000 - 0x00007ffc3eb54000 	C:\Users\20567\.openjfx\cache\17.0.2-ea\javafx_font.dll
0x00007ffc35e60000 - 0x00007ffc360df000 	C:\WINDOWS\SYSTEM32\dwrite.dll
0x00007ffc5d170000 - 0x00007ffc5d219000 	C:\WINDOWS\System32\clbcatq.dll
0x00007ffc55d90000 - 0x00007ffc55f44000 	C:\WINDOWS\SYSTEM32\WindowsCodecs.dll
0x00007ffc5c770000 - 0x00007ffc5c797000 	C:\WINDOWS\System32\bcrypt.dll
0x00007ffc34d20000 - 0x00007ffc34d5e000 	C:\WINDOWS\system32\dataexchange.dll
0x00007ffc58520000 - 0x00007ffc58703000 	C:\WINDOWS\system32\dcomp.dll
0x00007ffc575b0000 - 0x00007ffc57813000 	C:\WINDOWS\system32\d3d11.dll
0x00007ffc5a850000 - 0x00007ffc5a943000 	C:\WINDOWS\system32\dxgi.dll
0x00007ffc55f50000 - 0x00007ffc56150000 	C:\WINDOWS\system32\twinapi.appcore.dll
0x00007ffc2ca80000 - 0x00007ffc2cab4000 	C:\Program Files\Common Files\Microsoft Shared\Ink\rtscom.dll
0x00007ffc40f10000 - 0x00007ffc41009000 	C:\WINDOWS\SYSTEM32\textinputframework.dll
0x00007ffc58ab0000 - 0x00007ffc58e0e000 	C:\WINDOWS\System32\CoreUIComponents.dll
0x00007ffc58e10000 - 0x00007ffc58f02000 	C:\WINDOWS\System32\CoreMessaging.dll
0x00007ffc5c270000 - 0x00007ffc5c2a3000 	C:\WINDOWS\SYSTEM32\ntmarta.dll
0x00007ffc58390000 - 0x00007ffc584e4000 	C:\WINDOWS\SYSTEM32\wintypes.dll

dbghelp: loaded successfully - version: 4.0.5 - missing functions: none
symbol engine: initialized successfully - sym options: 0x614 - pdb path: .;C:\Users\20567\.jdks\corretto-11.0.18\bin;C:\WINDOWS\SYSTEM32;C:\WINDOWS\WinSxS\amd64_microsoft.windows.common-controls_6595b64144ccf1df_6.0.19041.1110_none_60b5254171f9507e;C:\Users\20567\.jdks\corretto-11.0.18\bin\server;C:\Program Files\JetBrains\IntelliJ IDEA Community Edition 2022.3.1\bin;C:\Users\20567\.openjfx\cache\17.0.2-ea;C:\WINDOWS\System32\DriverStore\FileRepository\u0356148.inf_amd64_49a476cb3d4116cb\B355990;C:\WINDOWS\System32\DriverStore\FileRepository\nvhm.inf_amd64_178c927f3d4607c8;C:\Program Files\Common Files\Microsoft Shared\Ink

VM Arguments:
jvm_args: -javaagent:C:\Program Files\JetBrains\IntelliJ IDEA Community Edition 2022.3.1\lib\idea_rt.jar=51606:C:\Program Files\JetBrains\IntelliJ IDEA Community Edition 2022.3.1\bin -Dfile.encoding=UTF-8 --module-path=C:\Users\20567\.m2\repository\org\openjfx\javafx-graphics\17.0.2\javafx-graphics-17.0.2-win.jar;C:\Users\20567\.m2\repository\org\openjfx\javafx-base\17.0.2\javafx-base-17.0.2-win.jar;C:\Users\20567\.m2\repository\org\openjfx\javafx-controls\17.0.2\javafx-controls-17.0.2-win.jar;C:\Users\20567\GitProjects\smp3\target\classes;C:\Users\20567\.m2\repository\org\openjfx\javafx-fxml\17.0.2\javafx-fxml-17.0.2-win.jar -Djdk.module.main=com.example.tuitionmanagermain 
java_command: com.example.tuitionmanagermain/project3.TuitionManagerMain
java_class_path (initial): C:\Users\20567\.m2\repository\org\openjfx\javafx-controls\17.0.2\javafx-controls-17.0.2.jar;C:\Users\20567\.m2\repository\org\openjfx\javafx-graphics\17.0.2\javafx-graphics-17.0.2.jar;C:\Users\20567\.m2\repository\org\openjfx\javafx-base\17.0.2\javafx-base-17.0.2.jar;C:\Users\20567\.m2\repository\org\openjfx\javafx-fxml\17.0.2\javafx-fxml-17.0.2.jar
Launcher Type: SUN_STANDARD

[Global flags]
     intx CICompilerCount                          = 4                                         {product} {ergonomic}
     uint ConcGCThreads                            = 2                                         {product} {ergonomic}
     uint G1ConcRefinementThreads                  = 8                                         {product} {ergonomic}
   size_t G1HeapRegionSize                         = 1048576                                   {product} {ergonomic}
    uintx GCDrainStackTargetSize                   = 64                                        {product} {ergonomic}
   size_t InitialHeapSize                          = 100663296                                 {product} {ergonomic}
   size_t MarkStackSize                            = 4194304                                   {product} {ergonomic}
   size_t MaxHeapSize                              = 1579155456                                {product} {ergonomic}
   size_t MaxNewSize                               = 946864128                                 {product} {ergonomic}
   size_t MinHeapDeltaBytes                        = 1048576                                   {product} {ergonomic}
    uintx NonNMethodCodeHeapSize                   = 5836300                                {pd product} {ergonomic}
    uintx NonProfiledCodeHeapSize                  = 122910970                              {pd product} {ergonomic}
    uintx ProfiledCodeHeapSize                     = 122910970                              {pd product} {ergonomic}
    uintx ReservedCodeCacheSize                    = 251658240                              {pd product} {ergonomic}
     bool SegmentedCodeCache                       = true                                      {product} {ergonomic}
     bool UseCompressedClassPointers               = true                                 {lp64_product} {ergonomic}
     bool UseCompressedOops                        = true                                 {lp64_product} {ergonomic}
     bool UseG1GC                                  = true                                      {product} {ergonomic}
     bool UseLargePagesIndividualAllocation        = false                                  {pd product} {ergonomic}

Logging:
Log output configuration:
 #0: stdout all=warning uptime,level,tags
 #1: stderr all=off uptime,level,tags

Environment Variables:
PATH=C:\Program Files\Common Files\Oracle\Java\javapath;C:\Program Files (x86)\Common Files\Oracle\Java\javapath;C:\windows\system32;C:\windows;C:\windows\System32\Wbem;C:\windows\System32\WindowsPowerShell\v1.0\;C:\windows\System32\OpenSSH\;C:\Program Files\NVIDIA Corporation\NVIDIA NvDLISR;C:\WINDOWS\system32;C:\WINDOWS;C:\WINDOWS\System32\Wbem;C:\WINDOWS\System32\WindowsPowerShell\v1.0\;C:\WINDOWS\System32\OpenSSH\;C:\Program Files\Git\cmd;C:\Program Files\Java\jdk1.8.0_271\bin;C:\MinGW\bin;C:\Users\20567\AppData\Local\Programs\Python\Python39;C:\Users\20567\AppData\Local\Microsoft\WindowsApps;C:\Users\20567\AppData\Local\Programs\Microsoft VS Code\bin;C:\Users\20567\AppData\Local\Microsoft\WindowsApps;C:\Users\20567\AppData\Local\GitHubDesktop\bin;C:\Users\20567\AppData\Local\Programs\Python\Python39\Scripts;;C:\Program Files\JetBrains\IntelliJ IDEA Community Edition 2022.3.1\bin;
USERNAME=20567
OS=Windows_NT
PROCESSOR_IDENTIFIER=AMD64 Family 23 Model 24 Stepping 1, AuthenticAMD
TMP=C:\Users\20567\AppData\Local\Temp
TEMP=C:\Users\20567\AppData\Local\Temp



---------------  S Y S T E M  ---------------

OS: Windows 10 , 64 bit Build 19041 (10.0.19041.2546)
OS uptime: 14 days 1:39 hours

CPU:total 8 (initial active 8) (8 cores per cpu, 2 threads per core) family 23 model 24 stepping 1 microcode 0x0, cmov, cx8, fxsr, mmx, sse, sse2, sse3, ssse3, sse4.1, sse4.2, popcnt, avx, avx2, aes, clmul, mmxext, 3dnowpref, lzcnt, sse4a, ht, tsc, tscinvbit, tscinv, bmi1, bmi2, adx, sha, fma

Memory: 4k page, system-wide physical 6021M (270M free)
TotalPageFile size 24453M (AvailPageFile size 0M)
current process WorkingSet (physical memory assigned to process): 170M, peak: 210M
current process commit charge ("private bytes"): 260M, peak: 307M

vm_info: OpenJDK 64-Bit Server VM (11.0.18+10-LTS) for windows-amd64 JRE (11.0.18+10-LTS), built on Jan 10 2023 20:17:52 by "Administrator" with MS VC++ 15.9 (VS2017)

END.
