#
# There is insufficient memory for the Java Runtime Environment to continue.
# Native memory allocation (malloc) failed to allocate 32744 bytes for ChunkPool::allocate
# Possible reasons:
#   The system is out of physical RAM or swap space
#   The process is running with CompressedOops enabled, and the Java Heap may be blocking the growth of the native heap
# Possible solutions:
#   Reduce memory load on the system
#   Increase physical memory or swap space
#   Check if swap backing store is full
#   Decrease Java heap size (-Xmx/-Xms)
#   Decrease number of Java threads
#   Decrease Java thread stack sizes (-Xss)
#   Set larger code cache with -XX:ReservedCodeCacheSize=
#   JVM is running with Unscaled Compressed Oops mode in which the Java heap is
#     placed in the first 4GB address space. The Java Heap base address is the
#     maximum limit for the native heap growth. Please use -XX:HeapBaseMinAddress
#     to set the Java Heap base and to place the Java Heap above 4GB virtual address.
# This output file may be truncated or incomplete.
#
#  Out of Memory Error (./src/hotspot/share/memory/arena.cpp:81), pid=17992, tid=21016
#
# JRE version: OpenJDK Runtime Environment Corretto-11.0.18.10.1 (11.0.18+10) (build 11.0.18+10-LTS)
# Java VM: OpenJDK 64-Bit Server VM Corretto-11.0.18.10.1 (11.0.18+10-LTS, mixed mode, tiered, compressed oops, g1 gc, windows-amd64)
# No core dump will be written. Minidumps are not enabled by default on client versions of Windows
#

---------------  S U M M A R Y ------------

Command Line: -javaagent:C:\Program Files\JetBrains\IntelliJ IDEA Community Edition 2022.3.1\lib\idea_rt.jar=55821:C:\Program Files\JetBrains\IntelliJ IDEA Community Edition 2022.3.1\bin -Dfile.encoding=UTF-8 --module-path=C:\Users\20567\GitProjects\smp3\target\classes;C:\Users\20567\.m2\repository\org\openjfx\javafx-graphics\17.0.2\javafx-graphics-17.0.2-win.jar;C:\Users\20567\.m2\repository\org\openjfx\javafx-fxml\17.0.2\javafx-fxml-17.0.2-win.jar;C:\Users\20567\.m2\repository\org\openjfx\javafx-base\17.0.2\javafx-base-17.0.2-win.jar;C:\Users\20567\.m2\repository\org\openjfx\javafx-controls\17.0.2\javafx-controls-17.0.2-win.jar -Djdk.module.main=com.example.tuitionmanagermain com.example.tuitionmanagermain/project3.TuitionManagerMain

Host: AMD Ryzen 5 3550H with Radeon Vega Mobile Gfx  , 8 cores, 5G,  Windows 10 , 64 bit Build 19041 (10.0.19041.2546)
Time: Tue Mar 14 23:37:21 2023 Eastern Daylight Time elapsed time: 19.580608 seconds (0d 0h 0m 19s)

---------------  T H R E A D  ---------------

Current thread (0x0000017a5d80f000):  JavaThread "C2 CompilerThread0" daemon [_thread_in_native, id=21016, stack(0x00000008b8000000,0x00000008b8100000)]


Current CompileTask:
C2:  19580 4656   !   4       javafx.scene.CssStyleHelper::transitionToState (1031 bytes)

Stack: [0x00000008b8000000,0x00000008b8100000]
Native frames: (J=compiled Java code, j=interpreted, Vv=VM code, C=native code)
V  [jvm.dll+0x622d9a]
V  [jvm.dll+0x7b0289]
V  [jvm.dll+0x7b1978]
V  [jvm.dll+0x7b2053]
V  [jvm.dll+0x24fe08]
V  [jvm.dll+0xc28ab]
V  [jvm.dll+0xc2c0c]
V  [jvm.dll+0x361f48]
V  [jvm.dll+0x3613f1]
V  [jvm.dll+0x361434]
V  [jvm.dll+0x5168ec]
V  [jvm.dll+0x5170c2]
V  [jvm.dll+0x3287b2]
V  [jvm.dll+0x327aba]
V  [jvm.dll+0x2092c3]
V  [jvm.dll+0x20841d]
V  [jvm.dll+0x18a3c1]
V  [jvm.dll+0x217ac4]
V  [jvm.dll+0x215d0b]
V  [jvm.dll+0x772d90]
V  [jvm.dll+0x76bcc4]
V  [jvm.dll+0x621c05]
C  [ucrtbase.dll+0x21bb2]
C  [KERNEL32.DLL+0x17614]
C  [ntdll.dll+0x526a1]


---------------  P R O C E S S  ---------------

Threads class SMR info:
_java_thread_list=0x0000017a6458b560, length=18, elements={
0x0000017a3fad2000, 0x0000017a5d7e1000, 0x0000017a5d7ec000, 0x0000017a5e182800,
0x0000017a5d7fd000, 0x0000017a5d7fe800, 0x0000017a5d80f000, 0x0000017a5d816000,
0x0000017a5d81f800, 0x0000017a5d785000, 0x0000017a5e522800, 0x0000017a5eb35000,
0x0000017a5eadf800, 0x0000017a5eb0a800, 0x0000017a5ecb0000, 0x0000017a63d8c000,
0x0000017a643ad800, 0x0000017a6482f800
}

Java Threads: ( => current thread )
  0x0000017a3fad2000 JavaThread "main" [_thread_blocked, id=15616, stack(0x00000008b7400000,0x00000008b7500000)]
  0x0000017a5d7e1000 JavaThread "Reference Handler" daemon [_thread_blocked, id=20252, stack(0x00000008b7b00000,0x00000008b7c00000)]
  0x0000017a5d7ec000 JavaThread "Finalizer" daemon [_thread_blocked, id=19820, stack(0x00000008b7c00000,0x00000008b7d00000)]
  0x0000017a5e182800 JavaThread "Signal Dispatcher" daemon [_thread_blocked, id=11400, stack(0x00000008b7d00000,0x00000008b7e00000)]
  0x0000017a5d7fd000 JavaThread "Attach Listener" daemon [_thread_blocked, id=3740, stack(0x00000008b7e00000,0x00000008b7f00000)]
  0x0000017a5d7fe800 JavaThread "Service Thread" daemon [_thread_blocked, id=18616, stack(0x00000008b7f00000,0x00000008b8000000)]
=>0x0000017a5d80f000 JavaThread "C2 CompilerThread0" daemon [_thread_in_native, id=21016, stack(0x00000008b8000000,0x00000008b8100000)]
  0x0000017a5d816000 JavaThread "C1 CompilerThread0" daemon [_thread_blocked, id=25656, stack(0x00000008b8100000,0x00000008b8200000)]
  0x0000017a5d81f800 JavaThread "Sweeper thread" daemon [_thread_blocked, id=15628, stack(0x00000008b8200000,0x00000008b8300000)]
  0x0000017a5d785000 JavaThread "Common-Cleaner" daemon [_thread_blocked, id=16568, stack(0x00000008b8300000,0x00000008b8400000)]
  0x0000017a5e522800 JavaThread "Monitor Ctrl-Break" daemon [_thread_in_native, id=22496, stack(0x00000008b8500000,0x00000008b8600000)]
  0x0000017a5eb35000 JavaThread "QuantumRenderer-0" daemon [_thread_blocked, id=23604, stack(0x00000008b8400000,0x00000008b8500000)]
  0x0000017a5eadf800 JavaThread "InvokeLaterDispatcher" daemon [_thread_blocked, id=16260, stack(0x00000008b8900000,0x00000008b8a00000)]
  0x0000017a5eb0a800 JavaThread "JavaFX Application Thread" [_thread_in_native, id=11176, stack(0x00000008b8a00000,0x00000008b8b00000)]
  0x0000017a5ecb0000 JavaThread "Thread-1" daemon [_thread_in_native, id=27956, stack(0x00000008b9100000,0x00000008b9200000)]
  0x0000017a63d8c000 JavaThread "JavaFX-Launcher" [_thread_blocked, id=4428, stack(0x00000008b9200000,0x00000008b9300000)]
  0x0000017a643ad800 JavaThread "Prism Font Disposer" daemon [_thread_blocked, id=19964, stack(0x00000008b9a00000,0x00000008b9b00000)]
  0x0000017a6482f800 JavaThread "Cleaner-0" daemon [_thread_blocked, id=18636, stack(0x00000008b9b00000,0x00000008b9c00000)]

Other Threads:
  0x0000017a5d7be000 VMThread "VM Thread" [stack: 0x00000008b7a00000,0x00000008b7b00000] [id=27460]
  0x0000017a5e42d800 WatcherThread [stack: 0x00000008b8600000,0x00000008b8700000] [id=27920]
  0x0000017a3fae9000 GCTaskThread "GC Thread#0" [stack: 0x00000008b7500000,0x00000008b7600000] [id=21004]
  0x0000017a5ece5000 GCTaskThread "GC Thread#1" [stack: 0x00000008b9300000,0x00000008b9400000] [id=25916]
  0x0000017a5ece6000 GCTaskThread "GC Thread#2" [stack: 0x00000008b9400000,0x00000008b9500000] [id=11332]
  0x0000017a63db1000 GCTaskThread "GC Thread#3" [stack: 0x00000008b9500000,0x00000008b9600000] [id=21916]
  0x0000017a63db2000 GCTaskThread "GC Thread#4" [stack: 0x00000008b9600000,0x00000008b9700000] [id=4340]
  0x0000017a63db2800 GCTaskThread "GC Thread#5" [stack: 0x00000008b9700000,0x00000008b9800000] [id=26340]
  0x0000017a3daca000 ConcurrentGCThread "G1 Main Marker" [stack: 0x00000008b7600000,0x00000008b7700000] [id=26660]
  0x0000017a3dacb800 ConcurrentGCThread "G1 Conc#0" [stack: 0x00000008b7700000,0x00000008b7800000] [id=14056]
  0x0000017a6401a800 ConcurrentGCThread "G1 Conc#1" [stack: 0x00000008b9900000,0x00000008b9a00000] [id=11224]
  0x0000017a3fb96800 ConcurrentGCThread "G1 Refine#0" [stack: 0x00000008b7800000,0x00000008b7900000] [id=23284]
  0x0000017a3fb97800 ConcurrentGCThread "G1 Young RemSet Sampling" [stack: 0x00000008b7900000,0x00000008b7a00000] [id=16324]

Threads with active compile tasks:
C2 CompilerThread0    19683 4656   !   4       javafx.scene.CssStyleHelper::transitionToState (1031 bytes)

VM state:not at safepoint (normal execution)

VM Mutex/Monitor currently owned by a thread: None

Heap address: 0x00000000a1e00000, size: 1506 MB, Compressed Oops mode: 32-bit
Narrow klass base: 0x0000000000000000, Narrow klass shift: 3
Compressed class space size: 1073741824 Address: 0x0000000100000000

Heap:
 garbage-first heap   total 98304K, used 48256K [0x00000000a1e00000, 0x0000000100000000)
  region size 1024K, 47 young (48128K), 8 survivors (8192K)
 Metaspace       used 28441K, capacity 29509K, committed 29744K, reserved 1075200K
  class space    used 3476K, capacity 3927K, committed 3968K, reserved 1048576K
Heap Regions: E=young(eden), S=young(survivor), O=old, HS=humongous(starts), HC=humongous(continues), CS=collection set, F=free, A=archive, TAMS=top-at-mark-start (previous, next)
|   0|0x00000000a1e00000, 0x00000000a1f00000, 0x00000000a1f00000|100%|HS|  |TAMS 0x00000000a1e00000, 0x00000000a1e00000| Complete 
|   1|0x00000000a1f00000, 0x00000000a2000000, 0x00000000a2000000|100%|HC|  |TAMS 0x00000000a1f00000, 0x00000000a1f00000| Complete 
|   2|0x00000000a2000000, 0x00000000a2000000, 0x00000000a2100000|  0%| F|  |TAMS 0x00000000a2000000, 0x00000000a2000000| Untracked 
|   3|0x00000000a2100000, 0x00000000a2100000, 0x00000000a2200000|  0%| F|  |TAMS 0x00000000a2100000, 0x00000000a2100000| Untracked 
|   4|0x00000000a2200000, 0x00000000a2200000, 0x00000000a2300000|  0%| F|  |TAMS 0x00000000a2200000, 0x00000000a2200000| Untracked 
|   5|0x00000000a2300000, 0x00000000a2300000, 0x00000000a2400000|  0%| F|  |TAMS 0x00000000a2300000, 0x00000000a2300000| Untracked 
|   6|0x00000000a2400000, 0x00000000a2400000, 0x00000000a2500000|  0%| F|  |TAMS 0x00000000a2400000, 0x00000000a2400000| Untracked 
|   7|0x00000000a2500000, 0x00000000a2500000, 0x00000000a2600000|  0%| F|  |TAMS 0x00000000a2500000, 0x00000000a2500000| Untracked 
|   8|0x00000000a2600000, 0x00000000a2600000, 0x00000000a2700000|  0%| F|  |TAMS 0x00000000a2600000, 0x00000000a2600000| Untracked 
|   9|0x00000000a2700000, 0x00000000a2700000, 0x00000000a2800000|  0%| F|  |TAMS 0x00000000a2700000, 0x00000000a2700000| Untracked 
|  10|0x00000000a2800000, 0x00000000a2800000, 0x00000000a2900000|  0%| F|  |TAMS 0x00000000a2800000, 0x00000000a2800000| Untracked 
|  11|0x00000000a2900000, 0x00000000a2900000, 0x00000000a2a00000|  0%| F|  |TAMS 0x00000000a2900000, 0x00000000a2900000| Untracked 
|  12|0x00000000a2a00000, 0x00000000a2a00000, 0x00000000a2b00000|  0%| F|  |TAMS 0x00000000a2a00000, 0x00000000a2a00000| Untracked 
|  13|0x00000000a2b00000, 0x00000000a2b00000, 0x00000000a2c00000|  0%| F|  |TAMS 0x00000000a2b00000, 0x00000000a2b00000| Untracked 
|  14|0x00000000a2c00000, 0x00000000a2c00000, 0x00000000a2d00000|  0%| F|  |TAMS 0x00000000a2c00000, 0x00000000a2c00000| Untracked 
|  15|0x00000000a2d00000, 0x00000000a2d00000, 0x00000000a2e00000|  0%| F|  |TAMS 0x00000000a2d00000, 0x00000000a2d00000| Untracked 
|  16|0x00000000a2e00000, 0x00000000a2e00000, 0x00000000a2f00000|  0%| F|  |TAMS 0x00000000a2e00000, 0x00000000a2e00000| Untracked 
|  17|0x00000000a2f00000, 0x00000000a2f00000, 0x00000000a3000000|  0%| F|  |TAMS 0x00000000a2f00000, 0x00000000a2f00000| Untracked 
|  18|0x00000000a3000000, 0x00000000a3000000, 0x00000000a3100000|  0%| F|  |TAMS 0x00000000a3000000, 0x00000000a3000000| Untracked 
|  19|0x00000000a3100000, 0x00000000a3100000, 0x00000000a3200000|  0%| F|  |TAMS 0x00000000a3100000, 0x00000000a3100000| Untracked 
|  20|0x00000000a3200000, 0x00000000a3200000, 0x00000000a3300000|  0%| F|  |TAMS 0x00000000a3200000, 0x00000000a3200000| Untracked 
|  21|0x00000000a3300000, 0x00000000a3300000, 0x00000000a3400000|  0%| F|  |TAMS 0x00000000a3300000, 0x00000000a3300000| Untracked 
|  22|0x00000000a3400000, 0x00000000a3400000, 0x00000000a3500000|  0%| F|  |TAMS 0x00000000a3400000, 0x00000000a3400000| Untracked 
|  23|0x00000000a3500000, 0x00000000a3500000, 0x00000000a3600000|  0%| F|  |TAMS 0x00000000a3500000, 0x00000000a3500000| Untracked 
|  24|0x00000000a3600000, 0x00000000a3600000, 0x00000000a3700000|  0%| F|  |TAMS 0x00000000a3600000, 0x00000000a3600000| Untracked 
|  25|0x00000000a3700000, 0x00000000a3700000, 0x00000000a3800000|  0%| F|  |TAMS 0x00000000a3700000, 0x00000000a3700000| Untracked 
|  26|0x00000000a3800000, 0x00000000a3800000, 0x00000000a3900000|  0%| F|  |TAMS 0x00000000a3800000, 0x00000000a3800000| Untracked 
|  27|0x00000000a3900000, 0x00000000a3900000, 0x00000000a3a00000|  0%| F|  |TAMS 0x00000000a3900000, 0x00000000a3900000| Untracked 
|  28|0x00000000a3a00000, 0x00000000a3a00000, 0x00000000a3b00000|  0%| F|  |TAMS 0x00000000a3a00000, 0x00000000a3a00000| Untracked 
|  29|0x00000000a3b00000, 0x00000000a3b00000, 0x00000000a3c00000|  0%| F|  |TAMS 0x00000000a3b00000, 0x00000000a3b00000| Untracked 
|  30|0x00000000a3c00000, 0x00000000a3c00000, 0x00000000a3d00000|  0%| F|  |TAMS 0x00000000a3c00000, 0x00000000a3c00000| Untracked 
|  31|0x00000000a3d00000, 0x00000000a3d00000, 0x00000000a3e00000|  0%| F|  |TAMS 0x00000000a3d00000, 0x00000000a3d00000| Untracked 
|  32|0x00000000a3e00000, 0x00000000a3e00000, 0x00000000a3f00000|  0%| F|  |TAMS 0x00000000a3e00000, 0x00000000a3e00000| Untracked 
|  33|0x00000000a3f00000, 0x00000000a3f00000, 0x00000000a4000000|  0%| F|  |TAMS 0x00000000a3f00000, 0x00000000a3f00000| Untracked 
|  34|0x00000000a4000000, 0x00000000a4000000, 0x00000000a4100000|  0%| F|  |TAMS 0x00000000a4000000, 0x00000000a4000000| Untracked 
|  35|0x00000000a4100000, 0x00000000a4100000, 0x00000000a4200000|  0%| F|  |TAMS 0x00000000a4100000, 0x00000000a4100000| Untracked 
|  36|0x00000000a4200000, 0x00000000a4200000, 0x00000000a4300000|  0%| F|  |TAMS 0x00000000a4200000, 0x00000000a4200000| Untracked 
|  37|0x00000000a4300000, 0x00000000a4300000, 0x00000000a4400000|  0%| F|  |TAMS 0x00000000a4300000, 0x00000000a4300000| Untracked 
|  38|0x00000000a4400000, 0x00000000a4400000, 0x00000000a4500000|  0%| F|  |TAMS 0x00000000a4400000, 0x00000000a4400000| Untracked 
|  39|0x00000000a4500000, 0x00000000a4500000, 0x00000000a4600000|  0%| F|  |TAMS 0x00000000a4500000, 0x00000000a4500000| Untracked 
|  40|0x00000000a4600000, 0x00000000a4600000, 0x00000000a4700000|  0%| F|  |TAMS 0x00000000a4600000, 0x00000000a4600000| Untracked 
|  41|0x00000000a4700000, 0x00000000a4700000, 0x00000000a4800000|  0%| F|  |TAMS 0x00000000a4700000, 0x00000000a4700000| Untracked 
|  42|0x00000000a4800000, 0x00000000a4800000, 0x00000000a4900000|  0%| F|  |TAMS 0x00000000a4800000, 0x00000000a4800000| Untracked 
|  43|0x00000000a4900000, 0x00000000a4900000, 0x00000000a4a00000|  0%| F|  |TAMS 0x00000000a4900000, 0x00000000a4900000| Untracked 
|  44|0x00000000a4a00000, 0x00000000a4a00000, 0x00000000a4b00000|  0%| F|  |TAMS 0x00000000a4a00000, 0x00000000a4a00000| Untracked 
|  45|0x00000000a4b00000, 0x00000000a4b00000, 0x00000000a4c00000|  0%| F|  |TAMS 0x00000000a4b00000, 0x00000000a4b00000| Untracked 
|  46|0x00000000a4c00000, 0x00000000a4c00000, 0x00000000a4d00000|  0%| F|  |TAMS 0x00000000a4c00000, 0x00000000a4c00000| Untracked 
|  47|0x00000000a4d00000, 0x00000000a4d00000, 0x00000000a4e00000|  0%| F|  |TAMS 0x00000000a4d00000, 0x00000000a4d00000| Untracked 
|  48|0x00000000a4e00000, 0x00000000a4e00000, 0x00000000a4f00000|  0%| F|  |TAMS 0x00000000a4e00000, 0x00000000a4e00000| Untracked 
|  49|0x00000000a4f00000, 0x00000000a5000000, 0x00000000a5000000|100%| E|  |TAMS 0x00000000a4f00000, 0x00000000a4f00000| Complete 
|  50|0x00000000a5000000, 0x00000000a5100000, 0x00000000a5100000|100%| E|CS|TAMS 0x00000000a5000000, 0x00000000a5000000| Complete 
|  51|0x00000000a5100000, 0x00000000a5200000, 0x00000000a5200000|100%| E|CS|TAMS 0x00000000a5100000, 0x00000000a5100000| Complete 
|  52|0x00000000a5200000, 0x00000000a5300000, 0x00000000a5300000|100%| E|CS|TAMS 0x00000000a5200000, 0x00000000a5200000| Complete 
|  53|0x00000000a5300000, 0x00000000a5400000, 0x00000000a5400000|100%| E|CS|TAMS 0x00000000a5300000, 0x00000000a5300000| Complete 
|  54|0x00000000a5400000, 0x00000000a5420340, 0x00000000a5500000| 12%| S|CS|TAMS 0x00000000a5400000, 0x00000000a5400000| Complete 
|  55|0x00000000a5500000, 0x00000000a5600000, 0x00000000a5600000|100%| S|CS|TAMS 0x00000000a5500000, 0x00000000a5500000| Complete 
|  56|0x00000000a5600000, 0x00000000a5700000, 0x00000000a5700000|100%| S|CS|TAMS 0x00000000a5600000, 0x00000000a5600000| Complete 
|  57|0x00000000a5700000, 0x00000000a5800000, 0x00000000a5800000|100%| S|CS|TAMS 0x00000000a5700000, 0x00000000a5700000| Complete 
|  58|0x00000000a5800000, 0x00000000a5900000, 0x00000000a5900000|100%| S|CS|TAMS 0x00000000a5800000, 0x00000000a5800000| Complete 
|  59|0x00000000a5900000, 0x00000000a5a00000, 0x00000000a5a00000|100%| S|CS|TAMS 0x00000000a5900000, 0x00000000a5900000| Complete 
|  60|0x00000000a5a00000, 0x00000000a5b00000, 0x00000000a5b00000|100%| S|CS|TAMS 0x00000000a5a00000, 0x00000000a5a00000| Complete 
|  61|0x00000000a5b00000, 0x00000000a5c00000, 0x00000000a5c00000|100%| S|CS|TAMS 0x00000000a5b00000, 0x00000000a5b00000| Complete 
|  62|0x00000000a5c00000, 0x00000000a5d00000, 0x00000000a5d00000|100%| E|CS|TAMS 0x00000000a5c00000, 0x00000000a5c00000| Complete 
|  63|0x00000000a5d00000, 0x00000000a5e00000, 0x00000000a5e00000|100%| E|CS|TAMS 0x00000000a5d00000, 0x00000000a5d00000| Complete 
|  64|0x00000000a5e00000, 0x00000000a5f00000, 0x00000000a5f00000|100%| E|CS|TAMS 0x00000000a5e00000, 0x00000000a5e00000| Complete 
|  65|0x00000000a5f00000, 0x00000000a6000000, 0x00000000a6000000|100%| E|CS|TAMS 0x00000000a5f00000, 0x00000000a5f00000| Complete 
|  66|0x00000000a6000000, 0x00000000a6100000, 0x00000000a6100000|100%| E|CS|TAMS 0x00000000a6000000, 0x00000000a6000000| Complete 
|  67|0x00000000a6100000, 0x00000000a6200000, 0x00000000a6200000|100%| E|CS|TAMS 0x00000000a6100000, 0x00000000a6100000| Complete 
|  68|0x00000000a6200000, 0x00000000a6300000, 0x00000000a6300000|100%| E|CS|TAMS 0x00000000a6200000, 0x00000000a6200000| Complete 
|  69|0x00000000a6300000, 0x00000000a6400000, 0x00000000a6400000|100%| E|CS|TAMS 0x00000000a6300000, 0x00000000a6300000| Complete 
|  70|0x00000000a6400000, 0x00000000a6500000, 0x00000000a6500000|100%| E|CS|TAMS 0x00000000a6400000, 0x00000000a6400000| Complete 
|  71|0x00000000a6500000, 0x00000000a6600000, 0x00000000a6600000|100%| E|CS|TAMS 0x00000000a6500000, 0x00000000a6500000| Complete 
|  72|0x00000000a6600000, 0x00000000a6700000, 0x00000000a6700000|100%| E|CS|TAMS 0x00000000a6600000, 0x00000000a6600000| Complete 
|  73|0x00000000a6700000, 0x00000000a6800000, 0x00000000a6800000|100%| E|CS|TAMS 0x00000000a6700000, 0x00000000a6700000| Complete 
|  74|0x00000000a6800000, 0x00000000a6900000, 0x00000000a6900000|100%| E|CS|TAMS 0x00000000a6800000, 0x00000000a6800000| Complete 
|  75|0x00000000a6900000, 0x00000000a6a00000, 0x00000000a6a00000|100%| E|CS|TAMS 0x00000000a6900000, 0x00000000a6900000| Complete 
|  76|0x00000000a6a00000, 0x00000000a6b00000, 0x00000000a6b00000|100%| E|CS|TAMS 0x00000000a6a00000, 0x00000000a6a00000| Complete 
|  77|0x00000000a6b00000, 0x00000000a6c00000, 0x00000000a6c00000|100%| E|CS|TAMS 0x00000000a6b00000, 0x00000000a6b00000| Complete 
|  78|0x00000000a6c00000, 0x00000000a6d00000, 0x00000000a6d00000|100%| E|CS|TAMS 0x00000000a6c00000, 0x00000000a6c00000| Complete 
|  79|0x00000000a6d00000, 0x00000000a6e00000, 0x00000000a6e00000|100%| E|CS|TAMS 0x00000000a6d00000, 0x00000000a6d00000| Complete 
|  80|0x00000000a6e00000, 0x00000000a6f00000, 0x00000000a6f00000|100%| E|CS|TAMS 0x00000000a6e00000, 0x00000000a6e00000| Complete 
|  81|0x00000000a6f00000, 0x00000000a7000000, 0x00000000a7000000|100%| E|CS|TAMS 0x00000000a6f00000, 0x00000000a6f00000| Complete 
|  82|0x00000000a7000000, 0x00000000a7100000, 0x00000000a7100000|100%| E|CS|TAMS 0x00000000a7000000, 0x00000000a7000000| Complete 
|  83|0x00000000a7100000, 0x00000000a7200000, 0x00000000a7200000|100%| E|CS|TAMS 0x00000000a7100000, 0x00000000a7100000| Complete 
|  84|0x00000000a7200000, 0x00000000a7300000, 0x00000000a7300000|100%| E|CS|TAMS 0x00000000a7200000, 0x00000000a7200000| Complete 
|  85|0x00000000a7300000, 0x00000000a7400000, 0x00000000a7400000|100%| E|CS|TAMS 0x00000000a7300000, 0x00000000a7300000| Complete 
|  86|0x00000000a7400000, 0x00000000a7500000, 0x00000000a7500000|100%| E|CS|TAMS 0x00000000a7400000, 0x00000000a7400000| Complete 
|  87|0x00000000a7500000, 0x00000000a7600000, 0x00000000a7600000|100%| E|CS|TAMS 0x00000000a7500000, 0x00000000a7500000| Complete 
|  88|0x00000000a7600000, 0x00000000a7700000, 0x00000000a7700000|100%| E|CS|TAMS 0x00000000a7600000, 0x00000000a7600000| Complete 
|  89|0x00000000a7700000, 0x00000000a7800000, 0x00000000a7800000|100%| E|CS|TAMS 0x00000000a7700000, 0x00000000a7700000| Complete 
|  90|0x00000000a7800000, 0x00000000a7900000, 0x00000000a7900000|100%| E|CS|TAMS 0x00000000a7800000, 0x00000000a7800000| Complete 
|  91|0x00000000a7900000, 0x00000000a7a00000, 0x00000000a7a00000|100%| E|CS|TAMS 0x00000000a7900000, 0x00000000a7900000| Complete 
|  92|0x00000000a7a00000, 0x00000000a7b00000, 0x00000000a7b00000|100%| E|CS|TAMS 0x00000000a7a00000, 0x00000000a7a00000| Complete 
|  93|0x00000000a7b00000, 0x00000000a7c00000, 0x00000000a7c00000|100%| E|CS|TAMS 0x00000000a7b00000, 0x00000000a7b00000| Complete 
|  94|0x00000000a7c00000, 0x00000000a7d00000, 0x00000000a7d00000|100%| E|CS|TAMS 0x00000000a7c00000, 0x00000000a7c00000| Complete 
|  95|0x00000000a7d00000, 0x00000000a7e00000, 0x00000000a7e00000|100%| E|CS|TAMS 0x00000000a7d00000, 0x00000000a7d00000| Complete 

Card table byte_map: [0x0000017a57890000,0x0000017a57b90000] _byte_map_base: 0x0000017a57381000

Marking Bits (Prev, Next): (CMBitMap*) 0x0000017a3fb0a3d0, (CMBitMap*) 0x0000017a3fb0a398
 Prev Bits: [0x0000017a59620000, 0x0000017a5ada8000)
 Next Bits: [0x0000017a57e90000, 0x0000017a59618000)

Polling page: 0x0000017a3dc80000

Metaspace:

Usage:
  Non-class:     24.98 MB capacity,    24.38 MB ( 98%) used,   494.78 KB (  2%) free+waste,   122.69 KB ( <1%) overhead. 
      Class:      3.83 MB capacity,     3.40 MB ( 89%) used,   389.99 KB ( 10%) free+waste,    60.06 KB (  2%) overhead. 
       Both:     28.82 MB capacity,    27.77 MB ( 96%) used,   884.77 KB (  3%) free+waste,   182.75 KB ( <1%) overhead. 

Virtual space:
  Non-class space:       26.00 MB reserved,      25.17 MB ( 97%) committed 
      Class space:        1.00 GB reserved,       3.88 MB ( <1%) committed 
             Both:        1.03 GB reserved,      29.05 MB (  3%) committed 

Chunk freelists:
   Non-Class:  2.00 KB
       Class:  0 bytes
        Both:  2.00 KB

MaxMetaspaceSize: 17179869184.00 GB
CompressedClassSpaceSize: 1.00 GB
Initial GC threshold: 20.80 MB
Current GC threshold: 35.08 MB
CDS: off

CodeHeap 'non-profiled nmethods': size=120000Kb used=1882Kb max_used=1882Kb free=118117Kb
 bounds [0x0000017a4fd20000, 0x0000017a4ff90000, 0x0000017a57250000]
CodeHeap 'profiled nmethods': size=120000Kb used=9684Kb max_used=9684Kb free=110316Kb
 bounds [0x0000017a487f0000, 0x0000017a49170000, 0x0000017a4fd20000]
CodeHeap 'non-nmethods': size=5760Kb used=1462Kb max_used=1498Kb free=4297Kb
 bounds [0x0000017a48250000, 0x0000017a484c0000, 0x0000017a487f0000]
 total_blobs=5425 nmethods=4624 adapters=713
 compilation: enabled
              stopped_count=0, restarted_count=0
 full_count=0

Compilation events (20 events):
Event: 19.301 Thread 0x0000017a5d816000 4682       3       javafx.scene.control.skin.LabeledSkinBase::computeMaxWidth (12 bytes)
Event: 19.301 Thread 0x0000017a5d816000 nmethod 4682 0x0000017a49152a90 code [0x0000017a49152c60, 0x0000017a49152e88]
Event: 19.301 Thread 0x0000017a5d816000 4683       3       javafx.scene.Node::getLayoutX (19 bytes)
Event: 19.302 Thread 0x0000017a5d816000 nmethod 4683 0x0000017a49152f90 code [0x0000017a49153160, 0x0000017a491534c8]
Event: 19.400 Thread 0x0000017a5d816000 4684       3       javafx.animation.Animation::getCycleDuration (24 bytes)
Event: 19.401 Thread 0x0000017a5d816000 nmethod 4684 0x0000017a49153610 code [0x0000017a491537e0, 0x0000017a49153ae8]
Event: 19.403 Thread 0x0000017a5d816000 4685       1       com.sun.prism.impl.BaseResourceFactory::isDisposed (5 bytes)
Event: 19.403 Thread 0x0000017a5d816000 nmethod 4685 0x0000017a4fef6790 code [0x0000017a4fef6940, 0x0000017a4fef69f8]
Event: 19.404 Thread 0x0000017a5d816000 4686       3       com.sun.javafx.geom.Rectangle::<init> (10 bytes)
Event: 19.404 Thread 0x0000017a5d816000 nmethod 4686 0x0000017a49153c10 code [0x0000017a49153de0, 0x0000017a49153f68]
Event: 19.517 Thread 0x0000017a5d816000 4687       3       javafx.scene.shape.Shape::getStrokeType (21 bytes)
Event: 19.518 Thread 0x0000017a5d816000 nmethod 4687 0x0000017a49154090 code [0x0000017a49154260, 0x0000017a49154628]
Event: 19.518 Thread 0x0000017a5d816000 4688       3       javafx.scene.shape.Shape$StrokeAttributes::getType (24 bytes)
Event: 19.518 Thread 0x0000017a5d816000 nmethod 4688 0x0000017a49154790 code [0x0000017a49154960, 0x0000017a49154c68]
Event: 19.532 Thread 0x0000017a5d816000 4689       3       com.sun.javafx.geom.RectBounds::intersectWith (82 bytes)
Event: 19.533 Thread 0x0000017a5d816000 nmethod 4689 0x0000017a49154d90 code [0x0000017a49154fe0, 0x0000017a49155828]
Event: 19.533 Thread 0x0000017a5d816000 4690       3       javafx.scene.Node::getLocalBounds (162 bytes)
Event: 19.536 Thread 0x0000017a5d816000 nmethod 4690 0x0000017a49155a10 code [0x0000017a49155d80, 0x0000017a49157538]
Event: 19.536 Thread 0x0000017a5d816000 4691       3       com.sun.javafx.geom.transform.TransformHelper::general3dBoundsTransform (937 bytes)
Event: 19.542 Thread 0x0000017a5d816000 nmethod 4691 0x0000017a49157a90 code [0x0000017a49157de0, 0x0000017a4915a408]

GC Heap History (4 events):
Event: 1.601 GC heap before
{Heap before GC invocations=0 (full 0):
 garbage-first heap   total 98304K, used 23552K [0x00000000a1e00000, 0x0000000100000000)
  region size 1024K, 24 young (24576K), 0 survivors (0K)
 Metaspace       used 12687K, capacity 13028K, committed 13312K, reserved 1060864K
  class space    used 1315K, capacity 1452K, committed 1536K, reserved 1048576K
}
Event: 1.609 GC heap after
{Heap after GC invocations=1 (full 0):
 garbage-first heap   total 98304K, used 3044K [0x00000000a1e00000, 0x0000000100000000)
  region size 1024K, 3 young (3072K), 3 survivors (3072K)
 Metaspace       used 12687K, capacity 13028K, committed 13312K, reserved 1060864K
  class space    used 1315K, capacity 1452K, committed 1536K, reserved 1048576K
}
Event: 2.867 GC heap before
{Heap before GC invocations=1 (full 0):
 garbage-first heap   total 98304K, used 33764K [0x00000000a1e00000, 0x0000000100000000)
  region size 1024K, 34 young (34816K), 3 survivors (3072K)
 Metaspace       used 20659K, capacity 21179K, committed 21296K, reserved 1069056K
  class space    used 2443K, capacity 2680K, committed 2688K, reserved 1048576K
}
Event: 2.879 GC heap after
{Heap after GC invocations=2 (full 0):
 garbage-first heap   total 98304K, used 7296K [0x00000000a1e00000, 0x0000000100000000)
  region size 1024K, 8 young (8192K), 8 survivors (8192K)
 Metaspace       used 20659K, capacity 21179K, committed 21296K, reserved 1069056K
  class space    used 2443K, capacity 2680K, committed 2688K, reserved 1048576K
}

Deoptimization events (20 events):
Event: 18.652 Thread 0x0000017a5eb35000 Uncommon trap: trap_request=0xffffff4d fr.pc=0x0000017a4fec9b64 relative=0x0000000000000184
Event: 18.652 Thread 0x0000017a5eb35000 Uncommon trap: reason=unstable_if action=reinterpret pc=0x0000017a4fec9b64 method=com.sun.javafx.geom.RectBounds.deriveWithNewBounds(FFFFFF)Lcom/sun/javafx/geom/BaseBounds; @ 4 c2
Event: 18.652 Thread 0x0000017a5eb35000 DEOPT PACKING pc=0x0000017a4fec9b64 sp=0x00000008b84fd9f0
Event: 18.652 Thread 0x0000017a5eb35000 DEOPT UNPACKING pc=0x0000017a4829a1af sp=0x00000008b84fd9a0 mode 2
Event: 19.026 Thread 0x0000017a5eb0a800 DEOPT PACKING pc=0x0000017a48c54f78 sp=0x00000008b8afc510
Event: 19.026 Thread 0x0000017a5eb0a800 DEOPT UNPACKING pc=0x0000017a4829a95e sp=0x00000008b8afbb08 mode 0
Event: 19.298 Thread 0x0000017a5eb0a800 DEOPT PACKING pc=0x0000017a48c54f78 sp=0x00000008b8afc530
Event: 19.298 Thread 0x0000017a5eb0a800 DEOPT UNPACKING pc=0x0000017a4829a95e sp=0x00000008b8afbb28 mode 0
Event: 19.403 Thread 0x0000017a5eb35000 Uncommon trap: trap_request=0xffffffbe fr.pc=0x0000017a4feedc5c relative=0x000000000000083c
Event: 19.403 Thread 0x0000017a5eb35000 Uncommon trap: reason=profile_predicate action=maybe_recompile pc=0x0000017a4feedc5c method=com.sun.javafx.sg.prism.NGNode.markCullRegions(Lcom/sun/javafx/geom/DirtyRegionContainer;ILcom/sun/javafx/geom/transform/BaseTransform;Lcom/sun/javafx/geom/transfo
Event: 19.403 Thread 0x0000017a5eb35000 DEOPT PACKING pc=0x0000017a4feedc5c sp=0x00000008b84fe2e0
Event: 19.403 Thread 0x0000017a5eb35000 DEOPT UNPACKING pc=0x0000017a4829a1af sp=0x00000008b84fe260 mode 2
Event: 19.531 Thread 0x0000017a5eb0a800 Uncommon trap: trap_request=0xffffff4d fr.pc=0x0000017a4febd788 relative=0x0000000000000f48
Event: 19.531 Thread 0x0000017a5eb0a800 Uncommon trap: reason=unstable_if action=reinterpret pc=0x0000017a4febd788 method=com.sun.javafx.geom.RectBounds.deriveWithNewBounds(FFFFFF)Lcom/sun/javafx/geom/BaseBounds; @ 4 c2
Event: 19.531 Thread 0x0000017a5eb0a800 DEOPT PACKING pc=0x0000017a4febd788 sp=0x00000008b8afc870
Event: 19.531 Thread 0x0000017a5eb0a800 DEOPT UNPACKING pc=0x0000017a4829a1af sp=0x00000008b8afc728 mode 2
Event: 19.532 Thread 0x0000017a5eb35000 Uncommon trap: trap_request=0xffffffbe fr.pc=0x0000017a4feedc5c relative=0x000000000000083c
Event: 19.532 Thread 0x0000017a5eb35000 Uncommon trap: reason=profile_predicate action=maybe_recompile pc=0x0000017a4feedc5c method=com.sun.javafx.sg.prism.NGNode.markCullRegions(Lcom/sun/javafx/geom/DirtyRegionContainer;ILcom/sun/javafx/geom/transform/BaseTransform;Lcom/sun/javafx/geom/transfo
Event: 19.532 Thread 0x0000017a5eb35000 DEOPT PACKING pc=0x0000017a4feedc5c sp=0x00000008b84fe2e0
Event: 19.532 Thread 0x0000017a5eb35000 DEOPT UNPACKING pc=0x0000017a4829a1af sp=0x00000008b84fe260 mode 2

Classes redefined (0 events):
No events

Internal exceptions (20 events):
Event: 3.008 Thread 0x0000017a5eb0a800 Exception <a 'java/lang/ClassNotFoundException'{0x00000000a7bcaef8}: com/sun/javafx/scene/control/skin/resources/controls-nt_en> (0x00000000a7bcaef8) thrown at [./src/hotspot/share/prims/jni.cpp, line 638]
Event: 3.008 Thread 0x0000017a5eb0a800 Exception <a 'java/lang/ClassNotFoundException'{0x00000000a7bcc830}: com/sun/javafx/scene/control/skin/resources/controls-nt_en_US> (0x00000000a7bcc830) thrown at [./src/hotspot/share/prims/jni.cpp, line 638]
Event: 3.035 Thread 0x0000017a5eb0a800 Exception <a 'java/lang/NoSuchMethodError'{0x00000000a7a5bb08}: 'java.lang.Object java.lang.invoke.DirectMethodHandle$Holder.invokeInterface(java.lang.Object, java.lang.Object, java.lang.Object)'> (0x00000000a7a5bb08) thrown at [./src/hotspot/share/interpreter/linkResolver.cpp, line 773]
Event: 3.036 Thread 0x0000017a5eb0a800 Exception <a 'java/lang/IncompatibleClassChangeError'{0x00000000a7a5ecc0}: Found class java.lang.Object, but interface was expected> (0x00000000a7a5ecc0) thrown at [./src/hotspot/share/interpreter/linkResolver.cpp, line 839]
Event: 3.042 Thread 0x0000017a5eb0a800 Exception <a 'java/lang/ClassNotFoundException'{0x00000000a7a853a8}: com/sun/javafx/scene/control/skin/resources/controls> (0x00000000a7a853a8) thrown at [./src/hotspot/share/prims/jni.cpp, line 638]
Event: 3.044 Thread 0x0000017a5eb0a800 Exception <a 'java/lang/ClassNotFoundException'{0x00000000a7a933a0}: com/sun/javafx/scene/control/skin/resources/controls_en> (0x00000000a7a933a0) thrown at [./src/hotspot/share/prims/jni.cpp, line 638]
Event: 3.044 Thread 0x0000017a5eb0a800 Exception <a 'java/lang/ClassNotFoundException'{0x00000000a7a94a08}: com/sun/javafx/scene/control/skin/resources/controls_en_US> (0x00000000a7a94a08) thrown at [./src/hotspot/share/prims/jni.cpp, line 638]
Event: 3.108 Thread 0x0000017a5eb0a800 Exception <a 'java/lang/NoSuchMethodError'{0x00000000a78a8cb8}: 'java.lang.Object java.lang.invoke.Invokers$Holder.linkToTargetMethod(java.lang.Object, int, java.lang.Object)'> (0x00000000a78a8cb8) thrown at [./src/hotspot/share/interpreter/linkResolver.cpp, line 773]
Event: 3.121 Thread 0x0000017a5eb0a800 Implicit null exception at 0x0000017a4fdc46e6 to 0x0000017a4fdc4734
Event: 3.314 Thread 0x0000017a5eb0a800 Implicit null exception at 0x0000017a4fdd5089 to 0x0000017a4fdd5309
Event: 3.586 Thread 0x0000017a5eb0a800 Exception <a 'java/lang/NoSuchMethodError'{0x00000000a71bcdb0}: 'void java.lang.invoke.DirectMethodHandle$Holder.invokeSpecial(java.lang.Object, java.lang.Object, java.lang.Object, java.lang.Object, java.lang.Object, java.lang.Object)'> (0x00000000a71bcdb0) thrown at [./src/hotspot/share/interpreter/linkResolver.cpp, line 773]
Event: 3.736 Thread 0x0000017a5eb0a800 Exception <a 'java/lang/NoSuchMethodError'{0x00000000a6d0ece8}: 'void java.lang.invoke.DirectMethodHandle$Holder.invokeSpecialIFC(java.lang.Object, java.lang.Object, java.lang.Object, java.lang.Object)'> (0x00000000a6d0ece8) thrown at [./src/hotspot/share/interpreter/linkResolver.cpp, line 773]
Event: 4.077 Thread 0x0000017a5eb35000 Exception <a 'java/lang/NoSuchMethodError'{0x00000000a6819b40}: 'int java.lang.invoke.DirectMethodHandle$Holder.invokeStaticInit(java.lang.Object, java.lang.Object)'> (0x00000000a6819b40) thrown at [./src/hotspot/share/interpreter/linkResolver.cpp, line 773]
Event: 5.686 Thread 0x0000017a5eb0a800 Exception <a 'java/lang/NoSuchMethodError'{0x00000000a64d6e30}: 'long java.lang.invoke.DirectMethodHandle$Holder.invokeStaticInit(java.lang.Object, java.lang.Object, java.lang.Object)'> (0x00000000a64d6e30) thrown at [./src/hotspot/share/interpreter/linkResolver.cpp, line 773]
Event: 5.692 Thread 0x0000017a5eb0a800 Exception <a 'java/lang/NoSuchMethodError'{0x00000000a64ef478}: 'java.lang.Object java.lang.invoke.DirectMethodHandle$Holder.invokeStatic(java.lang.Object, java.lang.Object, long)'> (0x00000000a64ef478) thrown at [./src/hotspot/share/interpreter/linkResolver.cpp, line 773]
Event: 5.694 Thread 0x0000017a5eb0a800 Exception <a 'java/lang/NoSuchMethodError'{0x00000000a64f5850}: 'java.lang.Object java.lang.invoke.Invokers$Holder.linkToTargetMethod(java.lang.Object, long, java.lang.Object)'> (0x00000000a64f5850) thrown at [./src/hotspot/share/interpreter/linkResolver.cpp, line 773]
Event: 9.700 Thread 0x0000017a5eb35000 Exception <a 'java/lang/NoSuchMethodError'{0x00000000a62181a0}: 'java.lang.Object java.lang.invoke.DirectMethodHandle$Holder.invokeStaticInit(java.lang.Object, int)'> (0x00000000a62181a0) thrown at [./src/hotspot/share/interpreter/linkResolver.cpp, line 773]
Event: 12.219 Thread 0x0000017a5eb0a800 Implicit null exception at 0x0000017a4fead764 to 0x0000017a4feae8b0
Event: 13.413 Thread 0x0000017a5eb0a800 Exception <a 'java/lang/NoSuchMethodError'{0x00000000a50064e0}: 'java.lang.Object java.lang.invoke.DirectMethodHandle$Holder.invokeStatic(java.lang.Object, java.lang.Object, java.lang.Object, java.lang.Object, java.lang.Object, java.lang.Object, java.lang.Object, java.lang.Object, int)'> (0x00000000a50064e0) thrown at [./src/hotspot/share/interpreter/linkResolver.cpp, line 773]
Event: 13.415 Thread 0x0000017a5eb0a800 Exception <a 'java/lang/NoSuchMethodError'{0x00000000a5020970}: 'java.lang.Object java.lang.invoke.DirectMethodHandle$Holder.invokeStatic(java.lang.Object, java.lang.Object, java.lang.Object, java.lang.Object, java.lang.Object, java.lang.Object, java.lang.Object, java.lang.Object, int, int)'> (0x00000000a5020970) thrown at [./src/hotspot/share/interpreter/linkResolver.cpp, line 773]

Events (20 events):
Event: 12.315 Executing VM operation: RevokeBias
Event: 12.315 Executing VM operation: RevokeBias done
Event: 12.315 Executing VM operation: RevokeBias
Event: 12.316 Executing VM operation: RevokeBias done
Event: 12.398 Loaded shared library C:\Users\20567\.openjfx\cache\17.0.2-ea\prism_d3d.dll
Event: 12.689 Loaded shared library C:\Users\20567\.jdks\corretto-11.0.18\bin\java.dll
Event: 13.392 loading class java/time/format/DateTimeFormatterBuilder$LocalizedPrinterParser
Event: 13.394 loading class java/time/format/DateTimeFormatterBuilder$LocalizedPrinterParser done
Event: 13.394 loading class sun/text/spi/JavaTimeDateTimePatternProvider
Event: 13.394 loading class sun/text/spi/JavaTimeDateTimePatternProvider done
Event: 13.394 loading class sun/util/locale/provider/JavaTimeDateTimePatternImpl
Event: 13.395 loading class sun/util/locale/provider/JavaTimeDateTimePatternImpl done
Event: 13.409 Executing VM operation: RevokeBias
Event: 13.410 Executing VM operation: RevokeBias done
Event: 13.411 loading class java/lang/invoke/BoundMethodHandle$Species_LLLLLI
Event: 13.411 loading class java/lang/invoke/BoundMethodHandle$Species_LLLLLI done
Event: 13.414 loading class java/lang/invoke/BoundMethodHandle$Species_LLLLLII
Event: 13.414 loading class java/lang/invoke/BoundMethodHandle$Species_LLLLLII done
Event: 13.417 Executing VM operation: RevokeBias
Event: 13.417 Executing VM operation: RevokeBias done


Dynamic libraries:
0x00007ff7583c0000 - 0x00007ff7583cd000 	C:\Users\20567\.jdks\corretto-11.0.18\bin\java.exe
0x00007ffc5ef10000 - 0x00007ffc5f108000 	C:\WINDOWS\SYSTEM32\ntdll.dll
0x00007ffc5d6e0000 - 0x00007ffc5d79f000 	C:\WINDOWS\System32\KERNEL32.DLL
0x00007ffc5cbf0000 - 0x00007ffc5cec2000 	C:\WINDOWS\System32\KERNELBASE.dll
0x00007ffc5c670000 - 0x00007ffc5c770000 	C:\WINDOWS\System32\ucrtbase.dll
0x00007ffc416a0000 - 0x00007ffc416b7000 	C:\Users\20567\.jdks\corretto-11.0.18\bin\jli.dll
0x00007ffc34f40000 - 0x00007ffc34f59000 	C:\Users\20567\.jdks\corretto-11.0.18\bin\VCRUNTIME140.dll
0x00007ffc5d530000 - 0x00007ffc5d6d1000 	C:\WINDOWS\System32\USER32.dll
0x00007ffc5cf20000 - 0x00007ffc5cf42000 	C:\WINDOWS\System32\win32u.dll
0x00007ffc5ba00000 - 0x00007ffc5bc9a000 	C:\WINDOWS\WinSxS\amd64_microsoft.windows.common-controls_6595b64144ccf1df_6.0.19041.1110_none_60b5254171f9507e\COMCTL32.dll
0x00007ffc5de50000 - 0x00007ffc5de7b000 	C:\WINDOWS\System32\GDI32.dll
0x00007ffc5d840000 - 0x00007ffc5d8de000 	C:\WINDOWS\System32\msvcrt.dll
0x00007ffc5ca30000 - 0x00007ffc5cb3f000 	C:\WINDOWS\System32\gdi32full.dll
0x00007ffc5c990000 - 0x00007ffc5ca2d000 	C:\WINDOWS\System32\msvcp_win.dll
0x00007ffc5de80000 - 0x00007ffc5deb2000 	C:\WINDOWS\System32\IMM32.DLL
0x00007ffc168f0000 - 0x00007ffc1698b000 	C:\Users\20567\.jdks\corretto-11.0.18\bin\msvcp140.dll
0x00007ffbc3110000 - 0x00007ffbc3c9a000 	C:\Users\20567\.jdks\corretto-11.0.18\bin\server\jvm.dll
0x00007ffc5d3d0000 - 0x00007ffc5d47e000 	C:\WINDOWS\System32\ADVAPI32.dll
0x00007ffc5d8e0000 - 0x00007ffc5d97c000 	C:\WINDOWS\System32\sechost.dll
0x00007ffc5cf50000 - 0x00007ffc5d075000 	C:\WINDOWS\System32\RPCRT4.dll
0x00007ffc5d7a0000 - 0x00007ffc5d7a8000 	C:\WINDOWS\System32\PSAPI.DLL
0x00007ffc42be0000 - 0x00007ffc42be9000 	C:\WINDOWS\SYSTEM32\WSOCK32.dll
0x00007ffc4fec0000 - 0x00007ffc4fee7000 	C:\WINDOWS\SYSTEM32\WINMM.dll
0x00007ffc53b10000 - 0x00007ffc53b1a000 	C:\WINDOWS\SYSTEM32\VERSION.dll
0x00007ffc5e3d0000 - 0x00007ffc5e43b000 	C:\WINDOWS\System32\WS2_32.dll
0x00007ffc5a030000 - 0x00007ffc5a042000 	C:\WINDOWS\SYSTEM32\kernel.appcore.dll
0x00007ffc2c9e0000 - 0x00007ffc2c9f0000 	C:\Users\20567\.jdks\corretto-11.0.18\bin\verify.dll
0x00007ffc5c030000 - 0x00007ffc5c214000 	C:\WINDOWS\SYSTEM32\DBGHELP.DLL
0x00007ffc5bdd0000 - 0x00007ffc5be05000 	C:\WINDOWS\SYSTEM32\dbgcore.DLL
0x00007ffc5c7a0000 - 0x00007ffc5c822000 	C:\WINDOWS\System32\bcryptPrimitives.dll
0x00007ffc19500000 - 0x00007ffc19528000 	C:\Users\20567\.jdks\corretto-11.0.18\bin\java.dll
0x00007ffc2c9d0000 - 0x00007ffc2c9da000 	C:\Users\20567\.jdks\corretto-11.0.18\bin\jimage.dll
0x00007ffc2c9c0000 - 0x00007ffc2c9ce000 	C:\Users\20567\.jdks\corretto-11.0.18\bin\instrument.dll
0x00007ffc2a2f0000 - 0x00007ffc2a308000 	C:\Users\20567\.jdks\corretto-11.0.18\bin\zip.dll
0x00007ffc5e780000 - 0x00007ffc5eec5000 	C:\WINDOWS\System32\SHELL32.dll
0x00007ffc5a050000 - 0x00007ffc5a7e2000 	C:\WINDOWS\SYSTEM32\windows.storage.dll
0x00007ffc5e070000 - 0x00007ffc5e3c5000 	C:\WINDOWS\System32\combase.dll
0x00007ffc5b960000 - 0x00007ffc5b990000 	C:\WINDOWS\SYSTEM32\Wldp.dll
0x00007ffc5d480000 - 0x00007ffc5d52d000 	C:\WINDOWS\System32\SHCORE.dll
0x00007ffc5dfb0000 - 0x00007ffc5e005000 	C:\WINDOWS\System32\shlwapi.dll
0x00007ffc5c540000 - 0x00007ffc5c55f000 	C:\WINDOWS\SYSTEM32\profapi.dll
0x00007ffc299d0000 - 0x00007ffc299e9000 	C:\Users\20567\.jdks\corretto-11.0.18\bin\net.dll
0x00007ffc50400000 - 0x00007ffc5050c000 	C:\WINDOWS\SYSTEM32\WINHTTP.dll
0x00007ffc5b830000 - 0x00007ffc5b89a000 	C:\WINDOWS\system32\mswsock.dll
0x00007ffc29750000 - 0x00007ffc29763000 	C:\Users\20567\.jdks\corretto-11.0.18\bin\nio.dll
0x00007ffc16b10000 - 0x00007ffc16b2a000 	C:\Program Files\JetBrains\IntelliJ IDEA Community Edition 2022.3.1\bin\breakgen64.dll
0x0000017a3fa90000 - 0x0000017a3fa93000 	C:\Users\20567\.openjfx\cache\17.0.2-ea\api-ms-win-core-console-l1-1-0.dll
0x0000017a3faa0000 - 0x0000017a3faa3000 	C:\Users\20567\.openjfx\cache\17.0.2-ea\api-ms-win-core-console-l1-2-0.dll
0x0000017a5ed40000 - 0x0000017a5ed43000 	C:\Users\20567\.openjfx\cache\17.0.2-ea\api-ms-win-core-datetime-l1-1-0.dll
0x0000017a5ed50000 - 0x0000017a5ed53000 	C:\Users\20567\.openjfx\cache\17.0.2-ea\api-ms-win-core-debug-l1-1-0.dll
0x0000017a5ed60000 - 0x0000017a5ed63000 	C:\Users\20567\.openjfx\cache\17.0.2-ea\api-ms-win-core-errorhandling-l1-1-0.dll
0x0000017a5ed70000 - 0x0000017a5ed74000 	C:\Users\20567\.openjfx\cache\17.0.2-ea\api-ms-win-core-file-l1-1-0.dll
0x0000017a5ed80000 - 0x0000017a5ed83000 	C:\Users\20567\.openjfx\cache\17.0.2-ea\api-ms-win-core-file-l1-2-0.dll
0x0000017a5ed90000 - 0x0000017a5ed93000 	C:\Users\20567\.openjfx\cache\17.0.2-ea\api-ms-win-core-file-l2-1-0.dll
0x0000017a5eda0000 - 0x0000017a5eda3000 	C:\Users\20567\.openjfx\cache\17.0.2-ea\api-ms-win-core-handle-l1-1-0.dll
0x0000017a5edb0000 - 0x0000017a5edb3000 	C:\Users\20567\.openjfx\cache\17.0.2-ea\api-ms-win-core-heap-l1-1-0.dll
0x0000017a5edc0000 - 0x0000017a5edc3000 	C:\Users\20567\.openjfx\cache\17.0.2-ea\api-ms-win-core-interlocked-l1-1-0.dll
0x0000017a5edd0000 - 0x0000017a5edd3000 	C:\Users\20567\.openjfx\cache\17.0.2-ea\api-ms-win-core-libraryloader-l1-1-0.dll
0x0000017a5ede0000 - 0x0000017a5ede3000 	C:\Users\20567\.openjfx\cache\17.0.2-ea\api-ms-win-core-localization-l1-2-0.dll
0x0000017a5edf0000 - 0x0000017a5edf3000 	C:\Users\20567\.openjfx\cache\17.0.2-ea\api-ms-win-core-memory-l1-1-0.dll
0x0000017a5ee00000 - 0x0000017a5ee03000 	C:\Users\20567\.openjfx\cache\17.0.2-ea\api-ms-win-core-namedpipe-l1-1-0.dll
0x0000017a5ee10000 - 0x0000017a5ee13000 	C:\Users\20567\.openjfx\cache\17.0.2-ea\api-ms-win-core-processenvironment-l1-1-0.dll
0x0000017a5ee20000 - 0x0000017a5ee23000 	C:\Users\20567\.openjfx\cache\17.0.2-ea\api-ms-win-core-processthreads-l1-1-0.dll
0x0000017a5ee30000 - 0x0000017a5ee33000 	C:\Users\20567\.openjfx\cache\17.0.2-ea\api-ms-win-core-processthreads-l1-1-1.dll
0x0000017a5ee40000 - 0x0000017a5ee43000 	C:\Users\20567\.openjfx\cache\17.0.2-ea\api-ms-win-core-profile-l1-1-0.dll
0x0000017a5ee50000 - 0x0000017a5ee53000 	C:\Users\20567\.openjfx\cache\17.0.2-ea\api-ms-win-core-rtlsupport-l1-1-0.dll
0x0000017a5ee60000 - 0x0000017a5ee63000 	C:\Users\20567\.openjfx\cache\17.0.2-ea\api-ms-win-core-string-l1-1-0.dll
0x0000017a5ee70000 - 0x0000017a5ee73000 	C:\Users\20567\.openjfx\cache\17.0.2-ea\api-ms-win-core-synch-l1-1-0.dll
0x0000017a5ee80000 - 0x0000017a5ee83000 	C:\Users\20567\.openjfx\cache\17.0.2-ea\api-ms-win-core-synch-l1-2-0.dll
0x0000017a5ee90000 - 0x0000017a5ee93000 	C:\Users\20567\.openjfx\cache\17.0.2-ea\api-ms-win-core-sysinfo-l1-1-0.dll
0x0000017a5eea0000 - 0x0000017a5eea3000 	C:\Users\20567\.openjfx\cache\17.0.2-ea\api-ms-win-core-timezone-l1-1-0.dll
0x0000017a5eeb0000 - 0x0000017a5eeb3000 	C:\Users\20567\.openjfx\cache\17.0.2-ea\api-ms-win-core-util-l1-1-0.dll
0x0000017a5eec0000 - 0x0000017a5eec3000 	C:\Users\20567\.openjfx\cache\17.0.2-ea\api-ms-win-crt-conio-l1-1-0.dll
0x0000017a5eed0000 - 0x0000017a5eed4000 	C:\Users\20567\.openjfx\cache\17.0.2-ea\api-ms-win-crt-convert-l1-1-0.dll
0x0000017a5eee0000 - 0x0000017a5eee3000 	C:\Users\20567\.openjfx\cache\17.0.2-ea\api-ms-win-crt-environment-l1-1-0.dll
0x0000017a5eef0000 - 0x0000017a5eef3000 	C:\Users\20567\.openjfx\cache\17.0.2-ea\api-ms-win-crt-filesystem-l1-1-0.dll
0x0000017a5ef00000 - 0x0000017a5ef03000 	C:\Users\20567\.openjfx\cache\17.0.2-ea\api-ms-win-crt-heap-l1-1-0.dll
0x0000017a5ef10000 - 0x0000017a5ef13000 	C:\Users\20567\.openjfx\cache\17.0.2-ea\api-ms-win-crt-locale-l1-1-0.dll
0x0000017a5ef20000 - 0x0000017a5ef25000 	C:\Users\20567\.openjfx\cache\17.0.2-ea\api-ms-win-crt-math-l1-1-0.dll
0x0000017a5ef30000 - 0x0000017a5ef35000 	C:\Users\20567\.openjfx\cache\17.0.2-ea\api-ms-win-crt-multibyte-l1-1-0.dll
0x0000017a5ef40000 - 0x0000017a5ef50000 	C:\Users\20567\.openjfx\cache\17.0.2-ea\api-ms-win-crt-private-l1-1-0.dll
0x0000017a5ef50000 - 0x0000017a5ef53000 	C:\Users\20567\.openjfx\cache\17.0.2-ea\api-ms-win-crt-process-l1-1-0.dll
0x0000017a5ef60000 - 0x0000017a5ef64000 	C:\Users\20567\.openjfx\cache\17.0.2-ea\api-ms-win-crt-runtime-l1-1-0.dll
0x0000017a5ef70000 - 0x0000017a5ef74000 	C:\Users\20567\.openjfx\cache\17.0.2-ea\api-ms-win-crt-stdio-l1-1-0.dll
0x0000017a5ef80000 - 0x0000017a5ef84000 	C:\Users\20567\.openjfx\cache\17.0.2-ea\api-ms-win-crt-string-l1-1-0.dll
0x0000017a5ef90000 - 0x0000017a5ef93000 	C:\Users\20567\.openjfx\cache\17.0.2-ea\api-ms-win-crt-time-l1-1-0.dll
0x0000017a5efa0000 - 0x0000017a5efa3000 	C:\Users\20567\.openjfx\cache\17.0.2-ea\api-ms-win-crt-utility-l1-1-0.dll
0x00007ffc16780000 - 0x00007ffc1687c000 	C:\Users\20567\.openjfx\cache\17.0.2-ea\ucrtbase.dll
0x00007ffc168d0000 - 0x00007ffc168ea000 	C:\Users\20567\.openjfx\cache\17.0.2-ea\vcruntime140.dll
0x00007ffc24440000 - 0x00007ffc2444c000 	C:\Users\20567\.openjfx\cache\17.0.2-ea\vcruntime140_1.dll
0x00007ffc15e20000 - 0x00007ffc15ead000 	C:\Users\20567\.openjfx\cache\17.0.2-ea\msvcp140.dll
0x00007ffc15df0000 - 0x00007ffc15e1a000 	C:\Users\20567\.openjfx\cache\17.0.2-ea\prism_d3d.dll
0x00007ffc47d60000 - 0x00007ffc47f2e000 	C:\WINDOWS\system32\d3d9.dll
0x00007ffc59b60000 - 0x00007ffc59b8f000 	C:\WINDOWS\SYSTEM32\dwmapi.dll
0x00007ffc591f0000 - 0x00007ffc5928e000 	C:\WINDOWS\system32\uxtheme.dll
0x00007ffc4fef0000 - 0x00007ffc500c8000 	C:\WINDOWS\System32\DriverStore\FileRepository\u0356148.inf_amd64_49a476cb3d4116cb\B355990\aticfx64.dll
0x00007ffc08360000 - 0x00007ffc08391000 	C:\WINDOWS\System32\DriverStore\FileRepository\u0356148.inf_amd64_49a476cb3d4116cb\B355990\atiu9p64.dll
0x00007ffbe18f0000 - 0x00007ffbe255a000 	C:\WINDOWS\System32\DriverStore\FileRepository\u0356148.inf_amd64_49a476cb3d4116cb\B355990\atiumd64.dll
0x00007ffc5e4b0000 - 0x00007ffc5e5da000 	C:\WINDOWS\System32\ole32.dll
0x000000005ecd0000 - 0x000000005fa75000 	C:\WINDOWS\System32\DriverStore\FileRepository\u0356148.inf_amd64_49a476cb3d4116cb\B355990\atiumd6a.dll
0x00007ffc5c220000 - 0x00007ffc5c26b000 	C:\WINDOWS\SYSTEM32\POWRPROF.dll
0x00007ffc5bd90000 - 0x00007ffc5bda2000 	C:\WINDOWS\SYSTEM32\UMPDC.dll
0x00007ffc4c9a0000 - 0x00007ffc4c9ce000 	C:\WINDOWS\SYSTEM32\amdihk64.dll
0x00007ffc14450000 - 0x00007ffc14492000 	C:\Users\20567\.openjfx\cache\17.0.2-ea\glass.dll
0x00007ffc5dec0000 - 0x00007ffc5df9a000 	C:\WINDOWS\System32\COMDLG32.dll
0x00007ffc5d0a0000 - 0x00007ffc5d16d000 	C:\WINDOWS\System32\OLEAUT32.dll
0x00007ffc5e5e0000 - 0x00007ffc5e6f5000 	C:\WINDOWS\System32\MSCTF.dll
0x00007ffc507b0000 - 0x00007ffc507eb000 	C:\WINDOWS\SYSTEM32\dxcore.dll
0x00007ffc5ced0000 - 0x00007ffc5cf1e000 	C:\WINDOWS\System32\cfgmgr32.dll
0x00007ffc3ebb0000 - 0x00007ffc3ebc4000 	C:\Users\20567\.openjfx\cache\17.0.2-ea\javafx_font.dll
0x00007ffc35e60000 - 0x00007ffc360df000 	C:\WINDOWS\SYSTEM32\dwrite.dll
0x00007ffc5d170000 - 0x00007ffc5d219000 	C:\WINDOWS\System32\clbcatq.dll
0x00007ffc55d90000 - 0x00007ffc55f44000 	C:\WINDOWS\SYSTEM32\WindowsCodecs.dll
0x00007ffc5c770000 - 0x00007ffc5c797000 	C:\WINDOWS\System32\bcrypt.dll
0x00007ffc34d20000 - 0x00007ffc34d5e000 	C:\WINDOWS\system32\dataexchange.dll
0x00007ffc58520000 - 0x00007ffc58703000 	C:\WINDOWS\system32\dcomp.dll
0x00007ffc575b0000 - 0x00007ffc57813000 	C:\WINDOWS\system32\d3d11.dll
0x00007ffc5a850000 - 0x00007ffc5a943000 	C:\WINDOWS\system32\dxgi.dll
0x00007ffc55f50000 - 0x00007ffc56150000 	C:\WINDOWS\system32\twinapi.appcore.dll
0x00007ffc2ca80000 - 0x00007ffc2cab4000 	C:\Program Files\Common Files\Microsoft Shared\Ink\rtscom.dll
0x00007ffc40f10000 - 0x00007ffc41009000 	C:\WINDOWS\SYSTEM32\textinputframework.dll
0x00007ffc58ab0000 - 0x00007ffc58e0e000 	C:\WINDOWS\System32\CoreUIComponents.dll
0x00007ffc58e10000 - 0x00007ffc58f02000 	C:\WINDOWS\System32\CoreMessaging.dll
0x00007ffc5c270000 - 0x00007ffc5c2a3000 	C:\WINDOWS\SYSTEM32\ntmarta.dll
0x00007ffc58390000 - 0x00007ffc584e4000 	C:\WINDOWS\SYSTEM32\wintypes.dll

dbghelp: loaded successfully - version: 4.0.5 - missing functions: none
symbol engine: initialized successfully - sym options: 0x614 - pdb path: .;C:\Users\20567\.jdks\corretto-11.0.18\bin;C:\WINDOWS\SYSTEM32;C:\WINDOWS\WinSxS\amd64_microsoft.windows.common-controls_6595b64144ccf1df_6.0.19041.1110_none_60b5254171f9507e;C:\Users\20567\.jdks\corretto-11.0.18\bin\server;C:\Program Files\JetBrains\IntelliJ IDEA Community Edition 2022.3.1\bin;C:\Users\20567\.openjfx\cache\17.0.2-ea;C:\WINDOWS\System32\DriverStore\FileRepository\u0356148.inf_amd64_49a476cb3d4116cb\B355990;C:\Program Files\Common Files\Microsoft Shared\Ink

VM Arguments:
jvm_args: -javaagent:C:\Program Files\JetBrains\IntelliJ IDEA Community Edition 2022.3.1\lib\idea_rt.jar=55821:C:\Program Files\JetBrains\IntelliJ IDEA Community Edition 2022.3.1\bin -Dfile.encoding=UTF-8 --module-path=C:\Users\20567\GitProjects\smp3\target\classes;C:\Users\20567\.m2\repository\org\openjfx\javafx-graphics\17.0.2\javafx-graphics-17.0.2-win.jar;C:\Users\20567\.m2\repository\org\openjfx\javafx-fxml\17.0.2\javafx-fxml-17.0.2-win.jar;C:\Users\20567\.m2\repository\org\openjfx\javafx-base\17.0.2\javafx-base-17.0.2-win.jar;C:\Users\20567\.m2\repository\org\openjfx\javafx-controls\17.0.2\javafx-controls-17.0.2-win.jar -Djdk.module.main=com.example.tuitionmanagermain 
java_command: com.example.tuitionmanagermain/project3.TuitionManagerMain
java_class_path (initial): C:\Users\20567\.m2\repository\org\openjfx\javafx-controls\17.0.2\javafx-controls-17.0.2.jar;C:\Users\20567\.m2\repository\org\openjfx\javafx-graphics\17.0.2\javafx-graphics-17.0.2.jar;C:\Users\20567\.m2\repository\org\openjfx\javafx-base\17.0.2\javafx-base-17.0.2.jar;C:\Users\20567\.m2\repository\org\openjfx\javafx-fxml\17.0.2\javafx-fxml-17.0.2.jar
Launcher Type: SUN_STANDARD

[Global flags]
     intx CICompilerCount                          = 4                                         {product} {ergonomic}
     uint ConcGCThreads                            = 2                                         {product} {ergonomic}
     uint G1ConcRefinementThreads                  = 8                                         {product} {ergonomic}
   size_t G1HeapRegionSize                         = 1048576                                   {product} {ergonomic}
    uintx GCDrainStackTargetSize                   = 64                                        {product} {ergonomic}
   size_t InitialHeapSize                          = 100663296                                 {product} {ergonomic}
   size_t MarkStackSize                            = 4194304                                   {product} {ergonomic}
   size_t MaxHeapSize                              = 1579155456                                {product} {ergonomic}
   size_t MaxNewSize                               = 946864128                                 {product} {ergonomic}
   size_t MinHeapDeltaBytes                        = 1048576                                   {product} {ergonomic}
    uintx NonNMethodCodeHeapSize                   = 5836300                                {pd product} {ergonomic}
    uintx NonProfiledCodeHeapSize                  = 122910970                              {pd product} {ergonomic}
    uintx ProfiledCodeHeapSize                     = 122910970                              {pd product} {ergonomic}
    uintx ReservedCodeCacheSize                    = 251658240                              {pd product} {ergonomic}
     bool SegmentedCodeCache                       = true                                      {product} {ergonomic}
     bool UseCompressedClassPointers               = true                                 {lp64_product} {ergonomic}
     bool UseCompressedOops                        = true                                 {lp64_product} {ergonomic}
     bool UseG1GC                                  = true                                      {product} {ergonomic}
     bool UseLargePagesIndividualAllocation        = false                                  {pd product} {ergonomic}

Logging:
Log output configuration:
 #0: stdout all=warning uptime,level,tags
 #1: stderr all=off uptime,level,tags

Environment Variables:
PATH=C:\Program Files\Common Files\Oracle\Java\javapath;C:\Program Files (x86)\Common Files\Oracle\Java\javapath;C:\windows\system32;C:\windows;C:\windows\System32\Wbem;C:\windows\System32\WindowsPowerShell\v1.0\;C:\windows\System32\OpenSSH\;C:\Program Files\NVIDIA Corporation\NVIDIA NvDLISR;C:\WINDOWS\system32;C:\WINDOWS;C:\WINDOWS\System32\Wbem;C:\WINDOWS\System32\WindowsPowerShell\v1.0\;C:\WINDOWS\System32\OpenSSH\;C:\Program Files\Git\cmd;C:\Program Files\Java\jdk1.8.0_271\bin;C:\MinGW\bin;C:\Users\20567\AppData\Local\Programs\Python\Python39;C:\Users\20567\AppData\Local\Microsoft\WindowsApps;C:\Users\20567\AppData\Local\Programs\Microsoft VS Code\bin;C:\Users\20567\AppData\Local\Microsoft\WindowsApps;C:\Users\20567\AppData\Local\GitHubDesktop\bin;C:\Users\20567\AppData\Local\Programs\Python\Python39\Scripts;;C:\Program Files\JetBrains\IntelliJ IDEA Community Edition 2022.3.1\bin;
USERNAME=20567
OS=Windows_NT
PROCESSOR_IDENTIFIER=AMD64 Family 23 Model 24 Stepping 1, AuthenticAMD
TMP=C:\Users\20567\AppData\Local\Temp
TEMP=C:\Users\20567\AppData\Local\Temp



---------------  S Y S T E M  ---------------

OS: Windows 10 , 64 bit Build 19041 (10.0.19041.2546)
OS uptime: 13 days 11:02 hours

CPU:total 8 (initial active 8) (8 cores per cpu, 2 threads per core) family 23 model 24 stepping 1 microcode 0x0, cmov, cx8, fxsr, mmx, sse, sse2, sse3, ssse3, sse4.1, sse4.2, popcnt, avx, avx2, aes, clmul, mmxext, 3dnowpref, lzcnt, sse4a, ht, tsc, tscinvbit, tscinv, bmi1, bmi2, adx, sha, fma

Memory: 4k page, system-wide physical 6021M (305M free)
TotalPageFile size 24453M (AvailPageFile size 0M)
current process WorkingSet (physical memory assigned to process): 179M, peak: 179M
current process commit charge ("private bytes"): 289M, peak: 289M

vm_info: OpenJDK 64-Bit Server VM (11.0.18+10-LTS) for windows-amd64 JRE (11.0.18+10-LTS), built on Jan 10 2023 20:17:52 by "Administrator" with MS VC++ 15.9 (VS2017)

END.
